<?xml version="1.0" encoding="UTF-8"?>
<robot generator="Robot 3.0.2 (Python 3.5.4 on win32)" generated="20171117 17:35:28.689">
<suite name="TestAccessibility" source="C:\xampp\htdocs\accessibility_automation_with_robot_framework\TestAccessibility.robot" id="s1">
<kw name="Setup chromedriver" type="setup">
<kw name="Set Environment Variable" library="OperatingSystem">
<doc>Sets an environment variable to a specified value.</doc>
<arguments>
<arg>webdriver.chrome.driver</arg>
<arg>${EXECDIR}/chromedriver.exe</arg>
</arguments>
<msg timestamp="20171117 17:35:30.716" level="INFO">Environment variable 'webdriver.chrome.driver' set to value 'C:\xampp\htdocs\accessibility_automation_with_robot_framework/chromedriver.exe'.</msg>
<status endtime="20171117 17:35:30.716" starttime="20171117 17:35:30.715" status="PASS"></status>
</kw>
<kw name="Evaluate" library="BuiltIn">
<doc>Evaluates the given expression in Python and returns the results.</doc>
<arguments>
<arg>sys.modules['selenium.webdriver'].ChromeOptions()</arg>
<arg>sys, selenium.webdriver</arg>
</arguments>
<assign>
<var>${chrome options}</var>
</assign>
<msg timestamp="20171117 17:35:30.716" level="INFO">${chrome options} = &lt;selenium.webdriver.chrome.options.Options object at 0x0462CA50&gt;</msg>
<status endtime="20171117 17:35:30.717" starttime="20171117 17:35:30.716" status="PASS"></status>
</kw>
<kw name="Call Method" library="BuiltIn">
<doc>Calls the named method of the given object with the provided arguments.</doc>
<arguments>
<arg>${chrome options}</arg>
<arg>add_extension</arg>
<arg>C:\\Users\\user\\Desktop\\AirAsiaMobileAutomation\\testsuite\\WAVE Evaluation Tool.crx</arg>
</arguments>
<status endtime="20171117 17:35:30.717" starttime="20171117 17:35:30.717" status="PASS"></status>
</kw>
<kw name="Create Webdriver" library="Selenium2Library">
<doc>Creates an instance of a WebDriver.</doc>
<arguments>
<arg>Chrome</arg>
<arg>chrome_options=${chrome options}</arg>
</arguments>
<msg timestamp="20171117 17:35:30.718" level="INFO">Creating an instance of the Chrome WebDriver</msg>
<status endtime="20171117 17:35:38.448" starttime="20171117 17:35:30.718" status="PASS"></status>
</kw>
<kw name="Go To" library="Selenium2Library">
<doc>Navigates the active browser instance to the provided URL.</doc>
<arguments>
<arg>chrome://extensions/</arg>
</arguments>
<msg timestamp="20171117 17:35:38.449" level="INFO">Opening url 'chrome://extensions/'</msg>
<status endtime="20171117 17:35:39.038" starttime="20171117 17:35:38.449" status="PASS"></status>
</kw>
<kw name="Click Element" library="Selenium2Library">
<doc>Click element identified by `locator`.</doc>
<arguments>
<arg>//*[@id="footer-section"]/a[2]</arg>
</arguments>
<msg timestamp="20171117 17:35:39.039" level="INFO">Clicking element '//*[@id="footer-section"]/a[2]'.</msg>
<status endtime="20171117 17:35:39.346" starttime="20171117 17:35:39.039" status="PASS"></status>
</kw>
<kw name="Click Element" library="Selenium2Library">
<doc>Click element identified by `locator`.</doc>
<arguments>
<arg>//*[@id="command-jbbplnpkjmmeebjpijfedlgcdilocofh-_execute_browser_action"]/div/div/div/span[2]/span/span</arg>
</arguments>
<msg timestamp="20171117 17:35:39.346" level="INFO">Clicking element '//*[@id="command-jbbplnpkjmmeebjpijfedlgcdilocofh-_execute_browser_action"]/div/div/div/span[2]/span/span'.</msg>
<status endtime="20171117 17:35:39.907" starttime="20171117 17:35:39.346" status="PASS"></status>
</kw>
<kw name="Press Key" library="Selenium2Library">
<doc>Simulates user pressing key on element identified by `locator`.</doc>
<arguments>
<arg>//*[@id="command-jbbplnpkjmmeebjpijfedlgcdilocofh-_execute_browser_action"]/div/div/div/span[2]/span/span</arg>
<arg>\\2</arg>
</arguments>
<status endtime="20171117 17:35:40.008" starttime="20171117 17:35:39.907" status="PASS"></status>
</kw>
<kw name="Click Element" library="Selenium2Library">
<doc>Click element identified by `locator`.</doc>
<arguments>
<arg>//*[@id="extension-commands-dismiss"]</arg>
</arguments>
<msg timestamp="20171117 17:35:40.009" level="INFO">Clicking element '//*[@id="extension-commands-dismiss"]'.</msg>
<status endtime="20171117 17:35:40.137" starttime="20171117 17:35:40.008" status="PASS"></status>
</kw>
<kw name="Extra Setup For Testing">
<kw name="Remove File" library="OperatingSystem">
<doc>Removes a file with the given path.</doc>
<arguments>
<arg>result.json</arg>
</arguments>
<msg timestamp="20171117 17:35:40.139" level="INFO" html="yes">Removed file '&lt;a href="file://C:\xampp\htdocs\accessibility_automation_with_robot_framework\result.json"&gt;C:\xampp\htdocs\accessibility_automation_with_robot_framework\result.json&lt;/a&gt;'.</msg>
<status endtime="20171117 17:35:40.139" starttime="20171117 17:35:40.138" status="PASS"></status>
</kw>
<kw name="Create File" library="OperatingSystem">
<doc>Creates a file with the given content and encoding.</doc>
<arguments>
<arg>result.json</arg>
</arguments>
<msg timestamp="20171117 17:35:40.140" level="INFO" html="yes">Created file '&lt;a href="file://C:\xampp\htdocs\accessibility_automation_with_robot_framework\result.json"&gt;C:\xampp\htdocs\accessibility_automation_with_robot_framework\result.json&lt;/a&gt;'.</msg>
<status endtime="20171117 17:35:40.141" starttime="20171117 17:35:40.139" status="PASS"></status>
</kw>
<status endtime="20171117 17:35:40.141" starttime="20171117 17:35:40.137" status="PASS"></status>
</kw>
<status endtime="20171117 17:35:40.141" starttime="20171117 17:35:30.715" status="PASS"></status>
</kw>
<test name="Test Access WAVE Object" id="s1-t1">
<kw name="Go To" library="Selenium2Library">
<doc>Navigates the active browser instance to the provided URL.</doc>
<arguments>
<arg>${SERVER}</arg>
</arguments>
<msg timestamp="20171117 17:35:40.145" level="INFO">Opening url 'https://assistive.airasia.com/h5/assistive/r/booking/'</msg>
<status endtime="20171117 17:35:44.405" starttime="20171117 17:35:40.145" status="PASS"></status>
</kw>
<kw name="Sleep" library="BuiltIn">
<doc>Pauses the test executed for the given time.</doc>
<arguments>
<arg>2</arg>
</arguments>
<msg timestamp="20171117 17:35:46.411" level="INFO">Slept 2 seconds</msg>
<status endtime="20171117 17:35:46.413" starttime="20171117 17:35:44.408" status="PASS"></status>
</kw>
<status endtime="20171117 17:35:46.421" starttime="20171117 17:35:40.141" status="PASS" critical="yes"></status>
</test>
<test name="TC - Scenario 1" id="s1-t2">
<kw name="Step1 - Search Flight">
<kw name="Get Page WAVE Accessibility Report">
<arguments>
<arg>Yes</arg>
</arguments>
<kw name="Toggle Wave Extension">
<kw name="Press Key" library="Selenium2Library">
<doc>Simulates user pressing key on element identified by `locator`.</doc>
<arguments>
<arg>//body</arg>
<arg>\\2</arg>
</arguments>
<status endtime="20171117 17:35:46.626" starttime="20171117 17:35:46.441" status="PASS"></status>
</kw>
<kw name="Sleep" library="BuiltIn">
<doc>Pauses the test executed for the given time.</doc>
<arguments>
<arg>2</arg>
</arguments>
<msg timestamp="20171117 17:35:48.627" level="INFO">Slept 2 seconds</msg>
<status endtime="20171117 17:35:48.627" starttime="20171117 17:35:46.627" status="PASS"></status>
</kw>
<status endtime="20171117 17:35:48.628" starttime="20171117 17:35:46.440" status="PASS"></status>
</kw>
<kw name="Get Wave Summary Report">
<assign>
<var>${result}</var>
</assign>
<kw name="Set Variable" library="BuiltIn">
<doc>Returns the given values which can then be assigned to a variables.</doc>
<arguments>
<arg>SUMMARY \n Wave has detected the following :</arg>
</arguments>
<assign>
<var>${wave_summary_report}</var>
</assign>
<msg timestamp="20171117 17:35:48.629" level="INFO">${wave_summary_report} = SUMMARY 
Wave has detected the following :</msg>
<status endtime="20171117 17:35:48.629" starttime="20171117 17:35:48.628" status="PASS"></status>
</kw>
<kw name="Create List" library="BuiltIn">
<doc>Returns a list containing given items.</doc>
<arguments>
<arg>error</arg>
<arg>alert</arg>
<arg>feature</arg>
<arg>structure</arg>
<arg>html5</arg>
<arg>contrast</arg>
</arguments>
<assign>
<var>@{items}</var>
</assign>
<msg timestamp="20171117 17:35:48.630" level="INFO">@{items} = [ error | alert | feature | structure | html5 | contrast ]</msg>
<status endtime="20171117 17:35:48.630" starttime="20171117 17:35:48.629" status="PASS"></status>
</kw>
<kw name="${element} IN [ @{items} ]" type="for">
<kw name="${element} = error" type="foritem">
<kw name="Execute Javascript" library="Selenium2Library">
<doc>Executes the given JavaScript code.</doc>
<arguments>
<arg>return wave.report.iconlist.${element}.count;</arg>
</arguments>
<assign>
<var>${result}</var>
</assign>
<msg timestamp="20171117 17:35:48.631" level="INFO">Executing JavaScript:
return wave.report.iconlist.error.count;</msg>
<msg timestamp="20171117 17:35:49.429" level="INFO">${result} = 0</msg>
<status endtime="20171117 17:35:49.429" starttime="20171117 17:35:48.631" status="PASS"></status>
</kw>
<kw name="Catenate" library="BuiltIn">
<doc>Catenates the given items together and returns the resulted string.</doc>
<arguments>
<arg>SEPARATOR=\n</arg>
<arg>${wave_summary_report}</arg>
<arg>- ${result} ${element}</arg>
</arguments>
<assign>
<var>${wave_summary_report}</var>
</assign>
<msg timestamp="20171117 17:35:49.430" level="INFO">${wave_summary_report} = SUMMARY 
Wave has detected the following :
- 0 error</msg>
<status endtime="20171117 17:35:49.430" starttime="20171117 17:35:49.430" status="PASS"></status>
</kw>
<kw name="Run Keyword If" library="BuiltIn">
<doc>Runs the given keyword with the given arguments, if ``condition`` is true.</doc>
<arguments>
<arg>'${element}'=='error'</arg>
<arg>Create Error Alert Message</arg>
<arg>${element}</arg>
<arg>${result}</arg>
</arguments>
<kw name="Create Error Alert Message">
<arguments>
<arg>${element}</arg>
<arg>${result}</arg>
</arguments>
<kw name="Get Window Titles" library="Selenium2Library">
<doc>Returns and logs titles of all windows known to the browser.</doc>
<assign>
<var>${window_title}</var>
</assign>
<msg timestamp="20171117 17:35:49.559" level="INFO">Altogether 1 item.
1: AirAsia | Booking | Book low fares online - Search</msg>
<msg timestamp="20171117 17:35:49.560" level="INFO">${window_title} = ['AirAsia | Booking | Book low fares online - Search']</msg>
<status endtime="20171117 17:35:49.560" starttime="20171117 17:35:49.432" status="PASS"></status>
</kw>
<kw name="Run Keyword If" library="BuiltIn">
<doc>Runs the given keyword with the given arguments, if ``condition`` is true.</doc>
<arguments>
<arg>'${count}'!='0'</arg>
<arg>Catenate</arg>
<arg>SEPARATOR=\n</arg>
<arg>${ERROR_ALERT_MESSAGE}</arg>
<arg>There is ${count} ${element} found at page ${window_title}</arg>
</arguments>
<assign>
<var>${message}</var>
</assign>
<msg timestamp="20171117 17:35:49.561" level="INFO">${message} = None</msg>
<status endtime="20171117 17:35:49.561" starttime="20171117 17:35:49.560" status="PASS"></status>
</kw>
<kw name="Run Keyword If" library="BuiltIn">
<doc>Runs the given keyword with the given arguments, if ``condition`` is true.</doc>
<arguments>
<arg>'${count}'!='0'</arg>
<arg>Set Global Variable</arg>
<arg>${ERROR_ALERT_MESSAGE}</arg>
<arg>${message}</arg>
</arguments>
<status endtime="20171117 17:35:49.561" starttime="20171117 17:35:49.561" status="PASS"></status>
</kw>
<status endtime="20171117 17:35:49.562" starttime="20171117 17:35:49.431" status="PASS"></status>
</kw>
<status endtime="20171117 17:35:49.562" starttime="20171117 17:35:49.431" status="PASS"></status>
</kw>
<kw name="Run Keyword If" library="BuiltIn">
<doc>Runs the given keyword with the given arguments, if ``condition`` is true.</doc>
<arguments>
<arg>'${element}'=='alert'</arg>
<arg>Create Error Alert Message</arg>
<arg>${element}</arg>
<arg>${result}</arg>
</arguments>
<status endtime="20171117 17:35:49.562" starttime="20171117 17:35:49.562" status="PASS"></status>
</kw>
<status endtime="20171117 17:35:49.562" starttime="20171117 17:35:48.630" status="PASS"></status>
</kw>
<kw name="${element} = alert" type="foritem">
<kw name="Execute Javascript" library="Selenium2Library">
<doc>Executes the given JavaScript code.</doc>
<arguments>
<arg>return wave.report.iconlist.${element}.count;</arg>
</arguments>
<assign>
<var>${result}</var>
</assign>
<msg timestamp="20171117 17:35:49.563" level="INFO">Executing JavaScript:
return wave.report.iconlist.alert.count;</msg>
<msg timestamp="20171117 17:35:49.585" level="INFO">${result} = 4</msg>
<status endtime="20171117 17:35:49.585" starttime="20171117 17:35:49.563" status="PASS"></status>
</kw>
<kw name="Catenate" library="BuiltIn">
<doc>Catenates the given items together and returns the resulted string.</doc>
<arguments>
<arg>SEPARATOR=\n</arg>
<arg>${wave_summary_report}</arg>
<arg>- ${result} ${element}</arg>
</arguments>
<assign>
<var>${wave_summary_report}</var>
</assign>
<msg timestamp="20171117 17:35:49.586" level="INFO">${wave_summary_report} = SUMMARY 
Wave has detected the following :
- 0 error
- 4 alert</msg>
<status endtime="20171117 17:35:49.586" starttime="20171117 17:35:49.585" status="PASS"></status>
</kw>
<kw name="Run Keyword If" library="BuiltIn">
<doc>Runs the given keyword with the given arguments, if ``condition`` is true.</doc>
<arguments>
<arg>'${element}'=='error'</arg>
<arg>Create Error Alert Message</arg>
<arg>${element}</arg>
<arg>${result}</arg>
</arguments>
<status endtime="20171117 17:35:49.588" starttime="20171117 17:35:49.587" status="PASS"></status>
</kw>
<kw name="Run Keyword If" library="BuiltIn">
<doc>Runs the given keyword with the given arguments, if ``condition`` is true.</doc>
<arguments>
<arg>'${element}'=='alert'</arg>
<arg>Create Error Alert Message</arg>
<arg>${element}</arg>
<arg>${result}</arg>
</arguments>
<kw name="Create Error Alert Message">
<arguments>
<arg>${element}</arg>
<arg>${result}</arg>
</arguments>
<kw name="Get Window Titles" library="Selenium2Library">
<doc>Returns and logs titles of all windows known to the browser.</doc>
<assign>
<var>${window_title}</var>
</assign>
<msg timestamp="20171117 17:35:49.658" level="INFO">Altogether 1 item.
1: AirAsia | Booking | Book low fares online - Search</msg>
<msg timestamp="20171117 17:35:49.658" level="INFO">${window_title} = ['AirAsia | Booking | Book low fares online - Search']</msg>
<status endtime="20171117 17:35:49.658" starttime="20171117 17:35:49.589" status="PASS"></status>
</kw>
<kw name="Run Keyword If" library="BuiltIn">
<doc>Runs the given keyword with the given arguments, if ``condition`` is true.</doc>
<arguments>
<arg>'${count}'!='0'</arg>
<arg>Catenate</arg>
<arg>SEPARATOR=\n</arg>
<arg>${ERROR_ALERT_MESSAGE}</arg>
<arg>There is ${count} ${element} found at page ${window_title}</arg>
</arguments>
<assign>
<var>${message}</var>
</assign>
<kw name="Catenate" library="BuiltIn">
<doc>Catenates the given items together and returns the resulted string.</doc>
<arguments>
<arg>SEPARATOR=\n</arg>
<arg>${ERROR_ALERT_MESSAGE}</arg>
<arg>There is ${count} ${element} found at page ${window_title}</arg>
</arguments>
<status endtime="20171117 17:35:49.660" starttime="20171117 17:35:49.659" status="PASS"></status>
</kw>
<msg timestamp="20171117 17:35:49.660" level="INFO">${message} = 
There is 4 alert found at page ['AirAsia | Booking | Book low fares online - Search']</msg>
<status endtime="20171117 17:35:49.660" starttime="20171117 17:35:49.659" status="PASS"></status>
</kw>
<kw name="Run Keyword If" library="BuiltIn">
<doc>Runs the given keyword with the given arguments, if ``condition`` is true.</doc>
<arguments>
<arg>'${count}'!='0'</arg>
<arg>Set Global Variable</arg>
<arg>${ERROR_ALERT_MESSAGE}</arg>
<arg>${message}</arg>
</arguments>
<kw name="Set Global Variable" library="BuiltIn">
<doc>Makes a variable available globally in all tests and suites.</doc>
<arguments>
<arg>${ERROR_ALERT_MESSAGE}</arg>
<arg>${message}</arg>
</arguments>
<msg timestamp="20171117 17:35:49.662" level="INFO">${ERROR_ALERT_MESSAGE} = 
There is 4 alert found at page ['AirAsia | Booking | Book low fares online - Search']</msg>
<status endtime="20171117 17:35:49.662" starttime="20171117 17:35:49.661" status="PASS"></status>
</kw>
<status endtime="20171117 17:35:49.662" starttime="20171117 17:35:49.661" status="PASS"></status>
</kw>
<status endtime="20171117 17:35:49.662" starttime="20171117 17:35:49.589" status="PASS"></status>
</kw>
<status endtime="20171117 17:35:49.663" starttime="20171117 17:35:49.588" status="PASS"></status>
</kw>
<status endtime="20171117 17:35:49.663" starttime="20171117 17:35:49.563" status="PASS"></status>
</kw>
<kw name="${element} = feature" type="foritem">
<kw name="Execute Javascript" library="Selenium2Library">
<doc>Executes the given JavaScript code.</doc>
<arguments>
<arg>return wave.report.iconlist.${element}.count;</arg>
</arguments>
<assign>
<var>${result}</var>
</assign>
<msg timestamp="20171117 17:35:49.663" level="INFO">Executing JavaScript:
return wave.report.iconlist.feature.count;</msg>
<msg timestamp="20171117 17:35:49.729" level="INFO">${result} = 4</msg>
<status endtime="20171117 17:35:49.729" starttime="20171117 17:35:49.663" status="PASS"></status>
</kw>
<kw name="Catenate" library="BuiltIn">
<doc>Catenates the given items together and returns the resulted string.</doc>
<arguments>
<arg>SEPARATOR=\n</arg>
<arg>${wave_summary_report}</arg>
<arg>- ${result} ${element}</arg>
</arguments>
<assign>
<var>${wave_summary_report}</var>
</assign>
<msg timestamp="20171117 17:35:49.730" level="INFO">${wave_summary_report} = SUMMARY 
Wave has detected the following :
- 0 error
- 4 alert
- 4 feature</msg>
<status endtime="20171117 17:35:49.730" starttime="20171117 17:35:49.729" status="PASS"></status>
</kw>
<kw name="Run Keyword If" library="BuiltIn">
<doc>Runs the given keyword with the given arguments, if ``condition`` is true.</doc>
<arguments>
<arg>'${element}'=='error'</arg>
<arg>Create Error Alert Message</arg>
<arg>${element}</arg>
<arg>${result}</arg>
</arguments>
<status endtime="20171117 17:35:49.731" starttime="20171117 17:35:49.730" status="PASS"></status>
</kw>
<kw name="Run Keyword If" library="BuiltIn">
<doc>Runs the given keyword with the given arguments, if ``condition`` is true.</doc>
<arguments>
<arg>'${element}'=='alert'</arg>
<arg>Create Error Alert Message</arg>
<arg>${element}</arg>
<arg>${result}</arg>
</arguments>
<status endtime="20171117 17:35:49.732" starttime="20171117 17:35:49.731" status="PASS"></status>
</kw>
<status endtime="20171117 17:35:49.732" starttime="20171117 17:35:49.663" status="PASS"></status>
</kw>
<kw name="${element} = structure" type="foritem">
<kw name="Execute Javascript" library="Selenium2Library">
<doc>Executes the given JavaScript code.</doc>
<arguments>
<arg>return wave.report.iconlist.${element}.count;</arg>
</arguments>
<assign>
<var>${result}</var>
</assign>
<msg timestamp="20171117 17:35:49.732" level="INFO">Executing JavaScript:
return wave.report.iconlist.structure.count;</msg>
<msg timestamp="20171117 17:35:49.748" level="INFO">${result} = 8</msg>
<status endtime="20171117 17:35:49.748" starttime="20171117 17:35:49.732" status="PASS"></status>
</kw>
<kw name="Catenate" library="BuiltIn">
<doc>Catenates the given items together and returns the resulted string.</doc>
<arguments>
<arg>SEPARATOR=\n</arg>
<arg>${wave_summary_report}</arg>
<arg>- ${result} ${element}</arg>
</arguments>
<assign>
<var>${wave_summary_report}</var>
</assign>
<msg timestamp="20171117 17:35:49.748" level="INFO">${wave_summary_report} = SUMMARY 
Wave has detected the following :
- 0 error
- 4 alert
- 4 feature
- 8 structure</msg>
<status endtime="20171117 17:35:49.749" starttime="20171117 17:35:49.748" status="PASS"></status>
</kw>
<kw name="Run Keyword If" library="BuiltIn">
<doc>Runs the given keyword with the given arguments, if ``condition`` is true.</doc>
<arguments>
<arg>'${element}'=='error'</arg>
<arg>Create Error Alert Message</arg>
<arg>${element}</arg>
<arg>${result}</arg>
</arguments>
<status endtime="20171117 17:35:49.749" starttime="20171117 17:35:49.749" status="PASS"></status>
</kw>
<kw name="Run Keyword If" library="BuiltIn">
<doc>Runs the given keyword with the given arguments, if ``condition`` is true.</doc>
<arguments>
<arg>'${element}'=='alert'</arg>
<arg>Create Error Alert Message</arg>
<arg>${element}</arg>
<arg>${result}</arg>
</arguments>
<status endtime="20171117 17:35:49.750" starttime="20171117 17:35:49.750" status="PASS"></status>
</kw>
<status endtime="20171117 17:35:49.750" starttime="20171117 17:35:49.732" status="PASS"></status>
</kw>
<kw name="${element} = html5" type="foritem">
<kw name="Execute Javascript" library="Selenium2Library">
<doc>Executes the given JavaScript code.</doc>
<arguments>
<arg>return wave.report.iconlist.${element}.count;</arg>
</arguments>
<assign>
<var>${result}</var>
</assign>
<msg timestamp="20171117 17:35:49.751" level="INFO">Executing JavaScript:
return wave.report.iconlist.html5.count;</msg>
<msg timestamp="20171117 17:35:49.812" level="INFO">${result} = 68</msg>
<status endtime="20171117 17:35:49.812" starttime="20171117 17:35:49.751" status="PASS"></status>
</kw>
<kw name="Catenate" library="BuiltIn">
<doc>Catenates the given items together and returns the resulted string.</doc>
<arguments>
<arg>SEPARATOR=\n</arg>
<arg>${wave_summary_report}</arg>
<arg>- ${result} ${element}</arg>
</arguments>
<assign>
<var>${wave_summary_report}</var>
</assign>
<msg timestamp="20171117 17:35:49.813" level="INFO">${wave_summary_report} = SUMMARY 
Wave has detected the following :
- 0 error
- 4 alert
- 4 feature
- 8 structure
- 68 html5</msg>
<status endtime="20171117 17:35:49.813" starttime="20171117 17:35:49.812" status="PASS"></status>
</kw>
<kw name="Run Keyword If" library="BuiltIn">
<doc>Runs the given keyword with the given arguments, if ``condition`` is true.</doc>
<arguments>
<arg>'${element}'=='error'</arg>
<arg>Create Error Alert Message</arg>
<arg>${element}</arg>
<arg>${result}</arg>
</arguments>
<status endtime="20171117 17:35:49.814" starttime="20171117 17:35:49.813" status="PASS"></status>
</kw>
<kw name="Run Keyword If" library="BuiltIn">
<doc>Runs the given keyword with the given arguments, if ``condition`` is true.</doc>
<arguments>
<arg>'${element}'=='alert'</arg>
<arg>Create Error Alert Message</arg>
<arg>${element}</arg>
<arg>${result}</arg>
</arguments>
<status endtime="20171117 17:35:49.814" starttime="20171117 17:35:49.814" status="PASS"></status>
</kw>
<status endtime="20171117 17:35:49.815" starttime="20171117 17:35:49.750" status="PASS"></status>
</kw>
<kw name="${element} = contrast" type="foritem">
<kw name="Execute Javascript" library="Selenium2Library">
<doc>Executes the given JavaScript code.</doc>
<arguments>
<arg>return wave.report.iconlist.${element}.count;</arg>
</arguments>
<assign>
<var>${result}</var>
</assign>
<msg timestamp="20171117 17:35:49.815" level="INFO">Executing JavaScript:
return wave.report.iconlist.contrast.count;</msg>
<msg timestamp="20171117 17:35:49.842" level="INFO">${result} = 0</msg>
<status endtime="20171117 17:35:49.842" starttime="20171117 17:35:49.815" status="PASS"></status>
</kw>
<kw name="Catenate" library="BuiltIn">
<doc>Catenates the given items together and returns the resulted string.</doc>
<arguments>
<arg>SEPARATOR=\n</arg>
<arg>${wave_summary_report}</arg>
<arg>- ${result} ${element}</arg>
</arguments>
<assign>
<var>${wave_summary_report}</var>
</assign>
<msg timestamp="20171117 17:35:49.843" level="INFO">${wave_summary_report} = SUMMARY 
Wave has detected the following :
- 0 error
- 4 alert
- 4 feature
- 8 structure
- 68 html5
- 0 contrast</msg>
<status endtime="20171117 17:35:49.843" starttime="20171117 17:35:49.842" status="PASS"></status>
</kw>
<kw name="Run Keyword If" library="BuiltIn">
<doc>Runs the given keyword with the given arguments, if ``condition`` is true.</doc>
<arguments>
<arg>'${element}'=='error'</arg>
<arg>Create Error Alert Message</arg>
<arg>${element}</arg>
<arg>${result}</arg>
</arguments>
<status endtime="20171117 17:35:49.844" starttime="20171117 17:35:49.843" status="PASS"></status>
</kw>
<kw name="Run Keyword If" library="BuiltIn">
<doc>Runs the given keyword with the given arguments, if ``condition`` is true.</doc>
<arguments>
<arg>'${element}'=='alert'</arg>
<arg>Create Error Alert Message</arg>
<arg>${element}</arg>
<arg>${result}</arg>
</arguments>
<status endtime="20171117 17:35:49.845" starttime="20171117 17:35:49.844" status="PASS"></status>
</kw>
<status endtime="20171117 17:35:49.845" starttime="20171117 17:35:49.815" status="PASS"></status>
</kw>
<status endtime="20171117 17:35:49.845" starttime="20171117 17:35:48.630" status="PASS"></status>
</kw>
<kw name="Get Window Titles" library="Selenium2Library">
<doc>Returns and logs titles of all windows known to the browser.</doc>
<assign>
<var>${window_title}</var>
</assign>
<msg timestamp="20171117 17:35:49.945" level="INFO">Altogether 1 item.
1: AirAsia | Booking | Book low fares online - Search</msg>
<msg timestamp="20171117 17:35:49.945" level="INFO">${window_title} = ['AirAsia | Booking | Book low fares online - Search']</msg>
<status endtime="20171117 17:35:49.945" starttime="20171117 17:35:49.845" status="PASS"></status>
</kw>
<kw name="Catenate" library="BuiltIn">
<doc>Catenates the given items together and returns the resulted string.</doc>
<arguments>
<arg>SEPARATOR=\n</arg>
<arg>${LINE_SEPARATOR} \n ${window_title}</arg>
<arg>${LINE_SEPARATOR} \n ${wave_summary_report}</arg>
</arguments>
<assign>
<var>${wave_summary_report}</var>
</assign>
<msg timestamp="20171117 17:35:49.946" level="INFO">${wave_summary_report} = ==================================== 
['AirAsia | Booking | Book low fares online - Search']
==================================== 
SUMMARY 
Wave has detected the following :
- 0 error
- 4 alert
- 4 fe...</msg>
<status endtime="20171117 17:35:49.946" starttime="20171117 17:35:49.945" status="PASS"></status>
</kw>
<kw name="Log" library="BuiltIn">
<doc>Logs the given message with the given level.</doc>
<arguments>
<arg>${wave_summary_report}</arg>
</arguments>
<msg timestamp="20171117 17:35:49.946" level="INFO">==================================== 
['AirAsia | Booking | Book low fares online - Search']
==================================== 
SUMMARY 
Wave has detected the following :
- 0 error
- 4 alert
- 4 feature
- 8 structure
- 68 html5
- 0 contrast</msg>
<status endtime="20171117 17:35:49.947" starttime="20171117 17:35:49.946" status="PASS"></status>
</kw>
<msg timestamp="20171117 17:35:49.947" level="INFO">${result} = ==================================== 
['AirAsia | Booking | Book low fares online - Search']
==================================== 
SUMMARY 
Wave has detected the following :
- 0 error
- 4 alert
- 4 fe...</msg>
<status endtime="20171117 17:35:49.947" starttime="20171117 17:35:48.628" status="PASS"></status>
</kw>
<kw name="Append To List" library="Collections">
<doc>Adds ``values`` to the end of ``list``.</doc>
<arguments>
<arg>${SUMMARY_WAVE_REPORT}</arg>
<arg>${result}</arg>
</arguments>
<status endtime="20171117 17:35:49.948" starttime="20171117 17:35:49.947" status="PASS"></status>
</kw>
<kw name="Get Wave Details Report">
<assign>
<var>${result}</var>
</assign>
<kw name="Set Variable" library="BuiltIn">
<doc>Returns the given values which can then be assigned to a variables.</doc>
<arguments>
<arg>\nDETAILS</arg>
</arguments>
<assign>
<var>${page_wave_detail_report}</var>
</assign>
<msg timestamp="20171117 17:35:49.949" level="INFO">${page_wave_detail_report} = 
DETAILS</msg>
<status endtime="20171117 17:35:49.949" starttime="20171117 17:35:49.949" status="PASS"></status>
</kw>
<kw name="Create List" library="BuiltIn">
<doc>Returns a list containing given items.</doc>
<arguments>
<arg>error</arg>
<arg>alert</arg>
<arg>feature</arg>
<arg>structure</arg>
<arg>html5</arg>
<arg>contrast</arg>
</arguments>
<assign>
<var>@{items}</var>
</assign>
<msg timestamp="20171117 17:35:49.950" level="INFO">@{items} = [ error | alert | feature | structure | html5 | contrast ]</msg>
<status endtime="20171117 17:35:49.950" starttime="20171117 17:35:49.949" status="PASS"></status>
</kw>
<kw name="${element} IN [ @{items} ]" type="for">
<kw name="${element} = error" type="foritem">
<kw name="Get Each Wave Detail Report">
<arguments>
<arg>${element}</arg>
</arguments>
<assign>
<var>${result}</var>
</assign>
<kw name="Set Variable" library="BuiltIn">
<doc>Returns the given values which can then be assigned to a variables.</doc>
<arguments>
<arg>${element} :</arg>
</arguments>
<assign>
<var>${wave_detail_report}</var>
</assign>
<msg timestamp="20171117 17:35:49.952" level="INFO">${wave_detail_report} = error :</msg>
<status endtime="20171117 17:35:49.952" starttime="20171117 17:35:49.951" status="PASS"></status>
</kw>
<kw name="Execute Javascript" library="Selenium2Library">
<doc>Executes the given JavaScript code.</doc>
<arguments>
<arg>return Object.entries(wave.report.iconlist.${ELEMENT}.items).length;</arg>
</arguments>
<assign>
<var>${result}</var>
</assign>
<msg timestamp="20171117 17:35:49.952" level="INFO">Executing JavaScript:
return Object.entries(wave.report.iconlist.error.items).length;</msg>
<msg timestamp="20171117 17:35:49.979" level="INFO">${result} = 0</msg>
<status endtime="20171117 17:35:49.979" starttime="20171117 17:35:49.952" status="PASS"></status>
</kw>
<kw name="${index} IN RANGE [ 0 | ${result} ]" type="for">
<status endtime="20171117 17:35:49.979" starttime="20171117 17:35:49.979" status="PASS"></status>
</kw>
<kw name="Log" library="BuiltIn">
<doc>Logs the given message with the given level.</doc>
<arguments>
<arg>${wave_detail_report}</arg>
</arguments>
<msg timestamp="20171117 17:35:49.980" level="INFO">error :</msg>
<status endtime="20171117 17:35:49.980" starttime="20171117 17:35:49.979" status="PASS"></status>
</kw>
<msg timestamp="20171117 17:35:49.980" level="INFO">${result} = error :</msg>
<status endtime="20171117 17:35:49.980" starttime="20171117 17:35:49.950" status="PASS"></status>
</kw>
<kw name="Catenate" library="BuiltIn">
<doc>Catenates the given items together and returns the resulted string.</doc>
<arguments>
<arg>SEPARATOR=\n</arg>
<arg>${page_wave_detail_report}</arg>
<arg>- ${result}</arg>
</arguments>
<assign>
<var>${page_wave_detail_report}</var>
</assign>
<msg timestamp="20171117 17:35:49.981" level="INFO">${page_wave_detail_report} = 
DETAILS
- error :</msg>
<status endtime="20171117 17:35:49.981" starttime="20171117 17:35:49.980" status="PASS"></status>
</kw>
<status endtime="20171117 17:35:49.981" starttime="20171117 17:35:49.950" status="PASS"></status>
</kw>
<kw name="${element} = alert" type="foritem">
<kw name="Get Each Wave Detail Report">
<arguments>
<arg>${element}</arg>
</arguments>
<assign>
<var>${result}</var>
</assign>
<kw name="Set Variable" library="BuiltIn">
<doc>Returns the given values which can then be assigned to a variables.</doc>
<arguments>
<arg>${element} :</arg>
</arguments>
<assign>
<var>${wave_detail_report}</var>
</assign>
<msg timestamp="20171117 17:35:49.983" level="INFO">${wave_detail_report} = alert :</msg>
<status endtime="20171117 17:35:49.983" starttime="20171117 17:35:49.982" status="PASS"></status>
</kw>
<kw name="Execute Javascript" library="Selenium2Library">
<doc>Executes the given JavaScript code.</doc>
<arguments>
<arg>return Object.entries(wave.report.iconlist.${ELEMENT}.items).length;</arg>
</arguments>
<assign>
<var>${result}</var>
</assign>
<msg timestamp="20171117 17:35:49.983" level="INFO">Executing JavaScript:
return Object.entries(wave.report.iconlist.alert.items).length;</msg>
<msg timestamp="20171117 17:35:50.017" level="INFO">${result} = 3</msg>
<status endtime="20171117 17:35:50.017" starttime="20171117 17:35:49.983" status="PASS"></status>
</kw>
<kw name="${index} IN RANGE [ 0 | ${result} ]" type="for">
<kw name="${index} = 0" type="foritem">
<kw name="Execute Javascript" library="Selenium2Library">
<doc>Executes the given JavaScript code.</doc>
<arguments>
<arg>return Object.entries(wave.report.iconlist.${element}.items)[${index}][1].count</arg>
</arguments>
<assign>
<var>${count}</var>
</assign>
<msg timestamp="20171117 17:35:50.018" level="INFO">Executing JavaScript:
return Object.entries(wave.report.iconlist.alert.items)[0][1].count</msg>
<msg timestamp="20171117 17:35:50.034" level="INFO">${count} = 1</msg>
<status endtime="20171117 17:35:50.034" starttime="20171117 17:35:50.017" status="PASS"></status>
</kw>
<kw name="Execute Javascript" library="Selenium2Library">
<doc>Executes the given JavaScript code.</doc>
<arguments>
<arg>return Object.entries(wave.report.iconlist.${element}.items)[${index}][1].description</arg>
</arguments>
<assign>
<var>${desc}</var>
</assign>
<msg timestamp="20171117 17:35:50.035" level="INFO">Executing JavaScript:
return Object.entries(wave.report.iconlist.alert.items)[0][1].description</msg>
<msg timestamp="20171117 17:35:50.051" level="INFO">${desc} = Fieldset missing legend</msg>
<status endtime="20171117 17:35:50.051" starttime="20171117 17:35:50.035" status="PASS"></status>
</kw>
<kw name="Catenate" library="BuiltIn">
<doc>Catenates the given items together and returns the resulted string.</doc>
<arguments>
<arg>SEPARATOR=\n</arg>
<arg>${wave_detail_report}</arg>
<arg>-- ${count} x ${desc}</arg>
</arguments>
<assign>
<var>${wave_detail_report}</var>
</assign>
<msg timestamp="20171117 17:35:50.052" level="INFO">${wave_detail_report} = alert :
-- 1 x Fieldset missing legend</msg>
<status endtime="20171117 17:35:50.052" starttime="20171117 17:35:50.051" status="PASS"></status>
</kw>
<kw name="Get xpath violation">
<arguments>
<arg>${ELEMENT}</arg>
<arg>${index}</arg>
</arguments>
<assign>
<var>${xpaths}</var>
</assign>
<kw name="Set Variable" library="BuiltIn">
<doc>Returns the given values which can then be assigned to a variables.</doc>
<assign>
<var>${xpaths}</var>
</assign>
<msg timestamp="20171117 17:35:50.054" level="INFO">${xpaths} = </msg>
<status endtime="20171117 17:35:50.054" starttime="20171117 17:35:50.054" status="PASS"></status>
</kw>
<kw name="Execute Javascript" library="Selenium2Library">
<doc>Executes the given JavaScript code.</doc>
<arguments>
<arg>return Object.entries(wave.report.iconlist.${element}.items)[${details_row}][1].xpaths.length</arg>
</arguments>
<assign>
<var>${count_xpath}</var>
</assign>
<msg timestamp="20171117 17:35:50.055" level="INFO">Executing JavaScript:
return Object.entries(wave.report.iconlist.alert.items)[0][1].xpaths.length</msg>
<msg timestamp="20171117 17:35:50.085" level="INFO">${count_xpath} = 1</msg>
<status endtime="20171117 17:35:50.086" starttime="20171117 17:35:50.054" status="PASS"></status>
</kw>
<kw name="${index} IN RANGE [ 0 | ${count_xpath} ]" type="for">
<kw name="${index} = 0" type="foritem">
<kw name="Execute Javascript" library="Selenium2Library">
<doc>Executes the given JavaScript code.</doc>
<arguments>
<arg>return Object.entries(wave.report.iconlist.${element}.items)[${details_row}][1].xpaths[${index}]</arg>
</arguments>
<assign>
<var>${result}</var>
</assign>
<msg timestamp="20171117 17:35:50.087" level="INFO">Executing JavaScript:
return Object.entries(wave.report.iconlist.alert.items)[0][1].xpaths[0]</msg>
<msg timestamp="20171117 17:35:50.100" level="INFO">${result} = /BODY[1]/DIV[3]/DIV[2]/FORM[1]/FIELDSET[1]</msg>
<status endtime="20171117 17:35:50.101" starttime="20171117 17:35:50.087" status="PASS"></status>
</kw>
<kw name="Catenate" library="BuiltIn">
<doc>Catenates the given items together and returns the resulted string.</doc>
<arguments>
<arg>${xpaths}</arg>
<arg>--- ${result} \n</arg>
</arguments>
<assign>
<var>${xpaths}</var>
</assign>
<msg timestamp="20171117 17:35:50.101" level="INFO">${xpaths} =  --- /BODY[1]/DIV[3]/DIV[2]/FORM[1]/FIELDSET[1] 
</msg>
<status endtime="20171117 17:35:50.101" starttime="20171117 17:35:50.101" status="PASS"></status>
</kw>
<status endtime="20171117 17:35:50.101" starttime="20171117 17:35:50.086" status="PASS"></status>
</kw>
<status endtime="20171117 17:35:50.102" starttime="20171117 17:35:50.086" status="PASS"></status>
</kw>
<msg timestamp="20171117 17:35:50.102" level="INFO">${xpaths} =  --- /BODY[1]/DIV[3]/DIV[2]/FORM[1]/FIELDSET[1] 
</msg>
<status endtime="20171117 17:35:50.102" starttime="20171117 17:35:50.052" status="PASS"></status>
</kw>
<kw name="Catenate" library="BuiltIn">
<doc>Catenates the given items together and returns the resulted string.</doc>
<arguments>
<arg>SEPARATOR=\n</arg>
<arg>${wave_detail_report}</arg>
<arg>${xpaths}</arg>
</arguments>
<assign>
<var>${wave_detail_report}</var>
</assign>
<msg timestamp="20171117 17:35:50.103" level="INFO">${wave_detail_report} = alert :
-- 1 x Fieldset missing legend
 --- /BODY[1]/DIV[3]/DIV[2]/FORM[1]/FIELDSET[1] 
</msg>
<status endtime="20171117 17:35:50.103" starttime="20171117 17:35:50.102" status="PASS"></status>
</kw>
<status endtime="20171117 17:35:50.103" starttime="20171117 17:35:50.017" status="PASS"></status>
</kw>
<kw name="${index} = 1" type="foritem">
<kw name="Execute Javascript" library="Selenium2Library">
<doc>Executes the given JavaScript code.</doc>
<arguments>
<arg>return Object.entries(wave.report.iconlist.${element}.items)[${index}][1].count</arg>
</arguments>
<assign>
<var>${count}</var>
</assign>
<msg timestamp="20171117 17:35:50.105" level="INFO">Executing JavaScript:
return Object.entries(wave.report.iconlist.alert.items)[1][1].count</msg>
<msg timestamp="20171117 17:35:50.119" level="INFO">${count} = 1</msg>
<status endtime="20171117 17:35:50.119" starttime="20171117 17:35:50.104" status="PASS"></status>
</kw>
<kw name="Execute Javascript" library="Selenium2Library">
<doc>Executes the given JavaScript code.</doc>
<arguments>
<arg>return Object.entries(wave.report.iconlist.${element}.items)[${index}][1].description</arg>
</arguments>
<assign>
<var>${desc}</var>
</assign>
<msg timestamp="20171117 17:35:50.121" level="INFO">Executing JavaScript:
return Object.entries(wave.report.iconlist.alert.items)[1][1].description</msg>
<msg timestamp="20171117 17:35:50.142" level="INFO">${desc} = Suspicious link text</msg>
<status endtime="20171117 17:35:50.142" starttime="20171117 17:35:50.120" status="PASS"></status>
</kw>
<kw name="Catenate" library="BuiltIn">
<doc>Catenates the given items together and returns the resulted string.</doc>
<arguments>
<arg>SEPARATOR=\n</arg>
<arg>${wave_detail_report}</arg>
<arg>-- ${count} x ${desc}</arg>
</arguments>
<assign>
<var>${wave_detail_report}</var>
</assign>
<msg timestamp="20171117 17:35:50.144" level="INFO">${wave_detail_report} = alert :
-- 1 x Fieldset missing legend
 --- /BODY[1]/DIV[3]/DIV[2]/FORM[1]/FIELDSET[1] 

-- 1 x Suspicious link text</msg>
<status endtime="20171117 17:35:50.144" starttime="20171117 17:35:50.143" status="PASS"></status>
</kw>
<kw name="Get xpath violation">
<arguments>
<arg>${ELEMENT}</arg>
<arg>${index}</arg>
</arguments>
<assign>
<var>${xpaths}</var>
</assign>
<kw name="Set Variable" library="BuiltIn">
<doc>Returns the given values which can then be assigned to a variables.</doc>
<assign>
<var>${xpaths}</var>
</assign>
<msg timestamp="20171117 17:35:50.145" level="INFO">${xpaths} = </msg>
<status endtime="20171117 17:35:50.145" starttime="20171117 17:35:50.144" status="PASS"></status>
</kw>
<kw name="Execute Javascript" library="Selenium2Library">
<doc>Executes the given JavaScript code.</doc>
<arguments>
<arg>return Object.entries(wave.report.iconlist.${element}.items)[${details_row}][1].xpaths.length</arg>
</arguments>
<assign>
<var>${count_xpath}</var>
</assign>
<msg timestamp="20171117 17:35:50.145" level="INFO">Executing JavaScript:
return Object.entries(wave.report.iconlist.alert.items)[1][1].xpaths.length</msg>
<msg timestamp="20171117 17:35:50.178" level="INFO">${count_xpath} = 1</msg>
<status endtime="20171117 17:35:50.178" starttime="20171117 17:35:50.145" status="PASS"></status>
</kw>
<kw name="${index} IN RANGE [ 0 | ${count_xpath} ]" type="for">
<kw name="${index} = 0" type="foritem">
<kw name="Execute Javascript" library="Selenium2Library">
<doc>Executes the given JavaScript code.</doc>
<arguments>
<arg>return Object.entries(wave.report.iconlist.${element}.items)[${details_row}][1].xpaths[${index}]</arg>
</arguments>
<assign>
<var>${result}</var>
</assign>
<msg timestamp="20171117 17:35:50.179" level="INFO">Executing JavaScript:
return Object.entries(wave.report.iconlist.alert.items)[1][1].xpaths[0]</msg>
<msg timestamp="20171117 17:35:50.205" level="INFO">${result} = /BODY[1]/ARTICLE[1]/HEADER[1]/NAV[1]/UL[1]/LI[1]/DIV[1]/UL[1]/LI[1]/FORM[1]/A[1]</msg>
<status endtime="20171117 17:35:50.205" starttime="20171117 17:35:50.178" status="PASS"></status>
</kw>
<kw name="Catenate" library="BuiltIn">
<doc>Catenates the given items together and returns the resulted string.</doc>
<arguments>
<arg>${xpaths}</arg>
<arg>--- ${result} \n</arg>
</arguments>
<assign>
<var>${xpaths}</var>
</assign>
<msg timestamp="20171117 17:35:50.206" level="INFO">${xpaths} =  --- /BODY[1]/ARTICLE[1]/HEADER[1]/NAV[1]/UL[1]/LI[1]/DIV[1]/UL[1]/LI[1]/FORM[1]/A[1] 
</msg>
<status endtime="20171117 17:35:50.206" starttime="20171117 17:35:50.205" status="PASS"></status>
</kw>
<status endtime="20171117 17:35:50.206" starttime="20171117 17:35:50.178" status="PASS"></status>
</kw>
<status endtime="20171117 17:35:50.206" starttime="20171117 17:35:50.178" status="PASS"></status>
</kw>
<msg timestamp="20171117 17:35:50.206" level="INFO">${xpaths} =  --- /BODY[1]/ARTICLE[1]/HEADER[1]/NAV[1]/UL[1]/LI[1]/DIV[1]/UL[1]/LI[1]/FORM[1]/A[1] 
</msg>
<status endtime="20171117 17:35:50.207" starttime="20171117 17:35:50.144" status="PASS"></status>
</kw>
<kw name="Catenate" library="BuiltIn">
<doc>Catenates the given items together and returns the resulted string.</doc>
<arguments>
<arg>SEPARATOR=\n</arg>
<arg>${wave_detail_report}</arg>
<arg>${xpaths}</arg>
</arguments>
<assign>
<var>${wave_detail_report}</var>
</assign>
<msg timestamp="20171117 17:35:50.207" level="INFO">${wave_detail_report} = alert :
-- 1 x Fieldset missing legend
 --- /BODY[1]/DIV[3]/DIV[2]/FORM[1]/FIELDSET[1] 

-- 1 x Suspicious link text
 --- /BODY[1]/ARTICLE[1]/HEADER[1]/NAV[1]/UL[1]/LI[1]/DIV[1]/UL[1]/LI[1]/FORM[1]/A[...</msg>
<status endtime="20171117 17:35:50.207" starttime="20171117 17:35:50.207" status="PASS"></status>
</kw>
<status endtime="20171117 17:35:50.207" starttime="20171117 17:35:50.104" status="PASS"></status>
</kw>
<kw name="${index} = 2" type="foritem">
<kw name="Execute Javascript" library="Selenium2Library">
<doc>Executes the given JavaScript code.</doc>
<arguments>
<arg>return Object.entries(wave.report.iconlist.${element}.items)[${index}][1].count</arg>
</arguments>
<assign>
<var>${count}</var>
</assign>
<msg timestamp="20171117 17:35:50.208" level="INFO">Executing JavaScript:
return Object.entries(wave.report.iconlist.alert.items)[2][1].count</msg>
<msg timestamp="20171117 17:35:50.224" level="INFO">${count} = 2</msg>
<status endtime="20171117 17:35:50.224" starttime="20171117 17:35:50.208" status="PASS"></status>
</kw>
<kw name="Execute Javascript" library="Selenium2Library">
<doc>Executes the given JavaScript code.</doc>
<arguments>
<arg>return Object.entries(wave.report.iconlist.${element}.items)[${index}][1].description</arg>
</arguments>
<assign>
<var>${desc}</var>
</assign>
<msg timestamp="20171117 17:35:50.224" level="INFO">Executing JavaScript:
return Object.entries(wave.report.iconlist.alert.items)[2][1].description</msg>
<msg timestamp="20171117 17:35:50.248" level="INFO">${desc} = Redundant title text</msg>
<status endtime="20171117 17:35:50.248" starttime="20171117 17:35:50.224" status="PASS"></status>
</kw>
<kw name="Catenate" library="BuiltIn">
<doc>Catenates the given items together and returns the resulted string.</doc>
<arguments>
<arg>SEPARATOR=\n</arg>
<arg>${wave_detail_report}</arg>
<arg>-- ${count} x ${desc}</arg>
</arguments>
<assign>
<var>${wave_detail_report}</var>
</assign>
<msg timestamp="20171117 17:35:50.249" level="INFO">${wave_detail_report} = alert :
-- 1 x Fieldset missing legend
 --- /BODY[1]/DIV[3]/DIV[2]/FORM[1]/FIELDSET[1] 

-- 1 x Suspicious link text
 --- /BODY[1]/ARTICLE[1]/HEADER[1]/NAV[1]/UL[1]/LI[1]/DIV[1]/UL[1]/LI[1]/FORM[1]/A[...</msg>
<status endtime="20171117 17:35:50.249" starttime="20171117 17:35:50.248" status="PASS"></status>
</kw>
<kw name="Get xpath violation">
<arguments>
<arg>${ELEMENT}</arg>
<arg>${index}</arg>
</arguments>
<assign>
<var>${xpaths}</var>
</assign>
<kw name="Set Variable" library="BuiltIn">
<doc>Returns the given values which can then be assigned to a variables.</doc>
<assign>
<var>${xpaths}</var>
</assign>
<msg timestamp="20171117 17:35:50.250" level="INFO">${xpaths} = </msg>
<status endtime="20171117 17:35:50.250" starttime="20171117 17:35:50.250" status="PASS"></status>
</kw>
<kw name="Execute Javascript" library="Selenium2Library">
<doc>Executes the given JavaScript code.</doc>
<arguments>
<arg>return Object.entries(wave.report.iconlist.${element}.items)[${details_row}][1].xpaths.length</arg>
</arguments>
<assign>
<var>${count_xpath}</var>
</assign>
<msg timestamp="20171117 17:35:50.251" level="INFO">Executing JavaScript:
return Object.entries(wave.report.iconlist.alert.items)[2][1].xpaths.length</msg>
<msg timestamp="20171117 17:35:50.266" level="INFO">${count_xpath} = 2</msg>
<status endtime="20171117 17:35:50.266" starttime="20171117 17:35:50.250" status="PASS"></status>
</kw>
<kw name="${index} IN RANGE [ 0 | ${count_xpath} ]" type="for">
<kw name="${index} = 0" type="foritem">
<kw name="Execute Javascript" library="Selenium2Library">
<doc>Executes the given JavaScript code.</doc>
<arguments>
<arg>return Object.entries(wave.report.iconlist.${element}.items)[${details_row}][1].xpaths[${index}]</arg>
</arguments>
<assign>
<var>${result}</var>
</assign>
<msg timestamp="20171117 17:35:50.267" level="INFO">Executing JavaScript:
return Object.entries(wave.report.iconlist.alert.items)[2][1].xpaths[0]</msg>
<msg timestamp="20171117 17:35:50.283" level="INFO">${result} = /BODY[1]/FOOTER[1]/DIV[2]/A[1]</msg>
<status endtime="20171117 17:35:50.283" starttime="20171117 17:35:50.266" status="PASS"></status>
</kw>
<kw name="Catenate" library="BuiltIn">
<doc>Catenates the given items together and returns the resulted string.</doc>
<arguments>
<arg>${xpaths}</arg>
<arg>--- ${result} \n</arg>
</arguments>
<assign>
<var>${xpaths}</var>
</assign>
<msg timestamp="20171117 17:35:50.284" level="INFO">${xpaths} =  --- /BODY[1]/FOOTER[1]/DIV[2]/A[1] 
</msg>
<status endtime="20171117 17:35:50.284" starttime="20171117 17:35:50.284" status="PASS"></status>
</kw>
<status endtime="20171117 17:35:50.284" starttime="20171117 17:35:50.266" status="PASS"></status>
</kw>
<kw name="${index} = 1" type="foritem">
<kw name="Execute Javascript" library="Selenium2Library">
<doc>Executes the given JavaScript code.</doc>
<arguments>
<arg>return Object.entries(wave.report.iconlist.${element}.items)[${details_row}][1].xpaths[${index}]</arg>
</arguments>
<assign>
<var>${result}</var>
</assign>
<msg timestamp="20171117 17:35:50.285" level="INFO">Executing JavaScript:
return Object.entries(wave.report.iconlist.alert.items)[2][1].xpaths[1]</msg>
<msg timestamp="20171117 17:35:50.304" level="INFO">${result} = /BODY[1]/FOOTER[1]/DIV[2]/A[2]</msg>
<status endtime="20171117 17:35:50.304" starttime="20171117 17:35:50.285" status="PASS"></status>
</kw>
<kw name="Catenate" library="BuiltIn">
<doc>Catenates the given items together and returns the resulted string.</doc>
<arguments>
<arg>${xpaths}</arg>
<arg>--- ${result} \n</arg>
</arguments>
<assign>
<var>${xpaths}</var>
</assign>
<msg timestamp="20171117 17:35:50.305" level="INFO">${xpaths} =  --- /BODY[1]/FOOTER[1]/DIV[2]/A[1] 
 --- /BODY[1]/FOOTER[1]/DIV[2]/A[2] 
</msg>
<status endtime="20171117 17:35:50.305" starttime="20171117 17:35:50.304" status="PASS"></status>
</kw>
<status endtime="20171117 17:35:50.305" starttime="20171117 17:35:50.284" status="PASS"></status>
</kw>
<status endtime="20171117 17:35:50.305" starttime="20171117 17:35:50.266" status="PASS"></status>
</kw>
<msg timestamp="20171117 17:35:50.305" level="INFO">${xpaths} =  --- /BODY[1]/FOOTER[1]/DIV[2]/A[1] 
 --- /BODY[1]/FOOTER[1]/DIV[2]/A[2] 
</msg>
<status endtime="20171117 17:35:50.306" starttime="20171117 17:35:50.249" status="PASS"></status>
</kw>
<kw name="Catenate" library="BuiltIn">
<doc>Catenates the given items together and returns the resulted string.</doc>
<arguments>
<arg>SEPARATOR=\n</arg>
<arg>${wave_detail_report}</arg>
<arg>${xpaths}</arg>
</arguments>
<assign>
<var>${wave_detail_report}</var>
</assign>
<msg timestamp="20171117 17:35:50.306" level="INFO">${wave_detail_report} = alert :
-- 1 x Fieldset missing legend
 --- /BODY[1]/DIV[3]/DIV[2]/FORM[1]/FIELDSET[1] 

-- 1 x Suspicious link text
 --- /BODY[1]/ARTICLE[1]/HEADER[1]/NAV[1]/UL[1]/LI[1]/DIV[1]/UL[1]/LI[1]/FORM[1]/A[...</msg>
<status endtime="20171117 17:35:50.306" starttime="20171117 17:35:50.306" status="PASS"></status>
</kw>
<status endtime="20171117 17:35:50.307" starttime="20171117 17:35:50.208" status="PASS"></status>
</kw>
<status endtime="20171117 17:35:50.307" starttime="20171117 17:35:50.017" status="PASS"></status>
</kw>
<kw name="Log" library="BuiltIn">
<doc>Logs the given message with the given level.</doc>
<arguments>
<arg>${wave_detail_report}</arg>
</arguments>
<msg timestamp="20171117 17:35:50.307" level="INFO">alert :
-- 1 x Fieldset missing legend
 --- /BODY[1]/DIV[3]/DIV[2]/FORM[1]/FIELDSET[1] 

-- 1 x Suspicious link text
 --- /BODY[1]/ARTICLE[1]/HEADER[1]/NAV[1]/UL[1]/LI[1]/DIV[1]/UL[1]/LI[1]/FORM[1]/A[1] 

-- 2 x Redundant title text
 --- /BODY[1]/FOOTER[1]/DIV[2]/A[1] 
 --- /BODY[1]/FOOTER[1]/DIV[2]/A[2] 
</msg>
<status endtime="20171117 17:35:50.307" starttime="20171117 17:35:50.307" status="PASS"></status>
</kw>
<msg timestamp="20171117 17:35:50.308" level="INFO">${result} = alert :
-- 1 x Fieldset missing legend
 --- /BODY[1]/DIV[3]/DIV[2]/FORM[1]/FIELDSET[1] 

-- 1 x Suspicious link text
 --- /BODY[1]/ARTICLE[1]/HEADER[1]/NAV[1]/UL[1]/LI[1]/DIV[1]/UL[1]/LI[1]/FORM[1]/A[...</msg>
<status endtime="20171117 17:35:50.308" starttime="20171117 17:35:49.981" status="PASS"></status>
</kw>
<kw name="Catenate" library="BuiltIn">
<doc>Catenates the given items together and returns the resulted string.</doc>
<arguments>
<arg>SEPARATOR=\n</arg>
<arg>${page_wave_detail_report}</arg>
<arg>- ${result}</arg>
</arguments>
<assign>
<var>${page_wave_detail_report}</var>
</assign>
<msg timestamp="20171117 17:35:50.308" level="INFO">${page_wave_detail_report} = 
DETAILS
- error :
- alert :
-- 1 x Fieldset missing legend
 --- /BODY[1]/DIV[3]/DIV[2]/FORM[1]/FIELDSET[1] 

-- 1 x Suspicious link text
 --- /BODY[1]/ARTICLE[1]/HEADER[1]/NAV[1]/UL[1]/LI[1]/DIV[1]/U...</msg>
<status endtime="20171117 17:35:50.308" starttime="20171117 17:35:50.308" status="PASS"></status>
</kw>
<status endtime="20171117 17:35:50.308" starttime="20171117 17:35:49.981" status="PASS"></status>
</kw>
<kw name="${element} = feature" type="foritem">
<kw name="Get Each Wave Detail Report">
<arguments>
<arg>${element}</arg>
</arguments>
<assign>
<var>${result}</var>
</assign>
<kw name="Set Variable" library="BuiltIn">
<doc>Returns the given values which can then be assigned to a variables.</doc>
<arguments>
<arg>${element} :</arg>
</arguments>
<assign>
<var>${wave_detail_report}</var>
</assign>
<msg timestamp="20171117 17:35:50.310" level="INFO">${wave_detail_report} = feature :</msg>
<status endtime="20171117 17:35:50.310" starttime="20171117 17:35:50.309" status="PASS"></status>
</kw>
<kw name="Execute Javascript" library="Selenium2Library">
<doc>Executes the given JavaScript code.</doc>
<arguments>
<arg>return Object.entries(wave.report.iconlist.${ELEMENT}.items).length;</arg>
</arguments>
<assign>
<var>${result}</var>
</assign>
<msg timestamp="20171117 17:35:50.310" level="INFO">Executing JavaScript:
return Object.entries(wave.report.iconlist.feature.items).length;</msg>
<msg timestamp="20171117 17:35:50.323" level="INFO">${result} = 2</msg>
<status endtime="20171117 17:35:50.323" starttime="20171117 17:35:50.310" status="PASS"></status>
</kw>
<kw name="${index} IN RANGE [ 0 | ${result} ]" type="for">
<kw name="${index} = 0" type="foritem">
<kw name="Execute Javascript" library="Selenium2Library">
<doc>Executes the given JavaScript code.</doc>
<arguments>
<arg>return Object.entries(wave.report.iconlist.${element}.items)[${index}][1].count</arg>
</arguments>
<assign>
<var>${count}</var>
</assign>
<msg timestamp="20171117 17:35:50.324" level="INFO">Executing JavaScript:
return Object.entries(wave.report.iconlist.feature.items)[0][1].count</msg>
<msg timestamp="20171117 17:35:50.334" level="INFO">${count} = 1</msg>
<status endtime="20171117 17:35:50.335" starttime="20171117 17:35:50.324" status="PASS"></status>
</kw>
<kw name="Execute Javascript" library="Selenium2Library">
<doc>Executes the given JavaScript code.</doc>
<arguments>
<arg>return Object.entries(wave.report.iconlist.${element}.items)[${index}][1].description</arg>
</arguments>
<assign>
<var>${desc}</var>
</assign>
<msg timestamp="20171117 17:35:50.339" level="INFO">Executing JavaScript:
return Object.entries(wave.report.iconlist.feature.items)[0][1].description</msg>
<msg timestamp="20171117 17:35:50.352" level="INFO">${desc} = Alternative text</msg>
<status endtime="20171117 17:35:50.352" starttime="20171117 17:35:50.335" status="PASS"></status>
</kw>
<kw name="Catenate" library="BuiltIn">
<doc>Catenates the given items together and returns the resulted string.</doc>
<arguments>
<arg>SEPARATOR=\n</arg>
<arg>${wave_detail_report}</arg>
<arg>-- ${count} x ${desc}</arg>
</arguments>
<assign>
<var>${wave_detail_report}</var>
</assign>
<msg timestamp="20171117 17:35:50.353" level="INFO">${wave_detail_report} = feature :
-- 1 x Alternative text</msg>
<status endtime="20171117 17:35:50.353" starttime="20171117 17:35:50.352" status="PASS"></status>
</kw>
<kw name="Get xpath violation">
<arguments>
<arg>${ELEMENT}</arg>
<arg>${index}</arg>
</arguments>
<assign>
<var>${xpaths}</var>
</assign>
<kw name="Set Variable" library="BuiltIn">
<doc>Returns the given values which can then be assigned to a variables.</doc>
<assign>
<var>${xpaths}</var>
</assign>
<msg timestamp="20171117 17:35:50.355" level="INFO">${xpaths} = </msg>
<status endtime="20171117 17:35:50.355" starttime="20171117 17:35:50.354" status="PASS"></status>
</kw>
<kw name="Execute Javascript" library="Selenium2Library">
<doc>Executes the given JavaScript code.</doc>
<arguments>
<arg>return Object.entries(wave.report.iconlist.${element}.items)[${details_row}][1].xpaths.length</arg>
</arguments>
<assign>
<var>${count_xpath}</var>
</assign>
<msg timestamp="20171117 17:35:50.356" level="INFO">Executing JavaScript:
return Object.entries(wave.report.iconlist.feature.items)[0][1].xpaths.length</msg>
<msg timestamp="20171117 17:35:50.366" level="INFO">${count_xpath} = 1</msg>
<status endtime="20171117 17:35:50.366" starttime="20171117 17:35:50.355" status="PASS"></status>
</kw>
<kw name="${index} IN RANGE [ 0 | ${count_xpath} ]" type="for">
<kw name="${index} = 0" type="foritem">
<kw name="Execute Javascript" library="Selenium2Library">
<doc>Executes the given JavaScript code.</doc>
<arguments>
<arg>return Object.entries(wave.report.iconlist.${element}.items)[${details_row}][1].xpaths[${index}]</arg>
</arguments>
<assign>
<var>${result}</var>
</assign>
<msg timestamp="20171117 17:35:50.367" level="INFO">Executing JavaScript:
return Object.entries(wave.report.iconlist.feature.items)[0][1].xpaths[0]</msg>
<msg timestamp="20171117 17:35:50.378" level="INFO">${result} = /BODY[1]/ARTICLE[1]/HEADER[1]/DIV[1]/DIV[1]/IMG[1]</msg>
<status endtime="20171117 17:35:50.378" starttime="20171117 17:35:50.367" status="PASS"></status>
</kw>
<kw name="Catenate" library="BuiltIn">
<doc>Catenates the given items together and returns the resulted string.</doc>
<arguments>
<arg>${xpaths}</arg>
<arg>--- ${result} \n</arg>
</arguments>
<assign>
<var>${xpaths}</var>
</assign>
<msg timestamp="20171117 17:35:50.379" level="INFO">${xpaths} =  --- /BODY[1]/ARTICLE[1]/HEADER[1]/DIV[1]/DIV[1]/IMG[1] 
</msg>
<status endtime="20171117 17:35:50.380" starttime="20171117 17:35:50.379" status="PASS"></status>
</kw>
<status endtime="20171117 17:35:50.380" starttime="20171117 17:35:50.366" status="PASS"></status>
</kw>
<status endtime="20171117 17:35:50.380" starttime="20171117 17:35:50.366" status="PASS"></status>
</kw>
<msg timestamp="20171117 17:35:50.380" level="INFO">${xpaths} =  --- /BODY[1]/ARTICLE[1]/HEADER[1]/DIV[1]/DIV[1]/IMG[1] 
</msg>
<status endtime="20171117 17:35:50.380" starttime="20171117 17:35:50.354" status="PASS"></status>
</kw>
<kw name="Catenate" library="BuiltIn">
<doc>Catenates the given items together and returns the resulted string.</doc>
<arguments>
<arg>SEPARATOR=\n</arg>
<arg>${wave_detail_report}</arg>
<arg>${xpaths}</arg>
</arguments>
<assign>
<var>${wave_detail_report}</var>
</assign>
<msg timestamp="20171117 17:35:50.381" level="INFO">${wave_detail_report} = feature :
-- 1 x Alternative text
 --- /BODY[1]/ARTICLE[1]/HEADER[1]/DIV[1]/DIV[1]/IMG[1] 
</msg>
<status endtime="20171117 17:35:50.381" starttime="20171117 17:35:50.380" status="PASS"></status>
</kw>
<status endtime="20171117 17:35:50.381" starttime="20171117 17:35:50.324" status="PASS"></status>
</kw>
<kw name="${index} = 1" type="foritem">
<kw name="Execute Javascript" library="Selenium2Library">
<doc>Executes the given JavaScript code.</doc>
<arguments>
<arg>return Object.entries(wave.report.iconlist.${element}.items)[${index}][1].count</arg>
</arguments>
<assign>
<var>${count}</var>
</assign>
<msg timestamp="20171117 17:35:50.382" level="INFO">Executing JavaScript:
return Object.entries(wave.report.iconlist.feature.items)[1][1].count</msg>
<msg timestamp="20171117 17:35:50.396" level="INFO">${count} = 3</msg>
<status endtime="20171117 17:35:50.396" starttime="20171117 17:35:50.381" status="PASS"></status>
</kw>
<kw name="Execute Javascript" library="Selenium2Library">
<doc>Executes the given JavaScript code.</doc>
<arguments>
<arg>return Object.entries(wave.report.iconlist.${element}.items)[${index}][1].description</arg>
</arguments>
<assign>
<var>${desc}</var>
</assign>
<msg timestamp="20171117 17:35:50.397" level="INFO">Executing JavaScript:
return Object.entries(wave.report.iconlist.feature.items)[1][1].description</msg>
<msg timestamp="20171117 17:35:50.408" level="INFO">${desc} = Form label</msg>
<status endtime="20171117 17:35:50.408" starttime="20171117 17:35:50.396" status="PASS"></status>
</kw>
<kw name="Catenate" library="BuiltIn">
<doc>Catenates the given items together and returns the resulted string.</doc>
<arguments>
<arg>SEPARATOR=\n</arg>
<arg>${wave_detail_report}</arg>
<arg>-- ${count} x ${desc}</arg>
</arguments>
<assign>
<var>${wave_detail_report}</var>
</assign>
<msg timestamp="20171117 17:35:50.409" level="INFO">${wave_detail_report} = feature :
-- 1 x Alternative text
 --- /BODY[1]/ARTICLE[1]/HEADER[1]/DIV[1]/DIV[1]/IMG[1] 

-- 3 x Form label</msg>
<status endtime="20171117 17:35:50.409" starttime="20171117 17:35:50.409" status="PASS"></status>
</kw>
<kw name="Get xpath violation">
<arguments>
<arg>${ELEMENT}</arg>
<arg>${index}</arg>
</arguments>
<assign>
<var>${xpaths}</var>
</assign>
<kw name="Set Variable" library="BuiltIn">
<doc>Returns the given values which can then be assigned to a variables.</doc>
<assign>
<var>${xpaths}</var>
</assign>
<msg timestamp="20171117 17:35:50.410" level="INFO">${xpaths} = </msg>
<status endtime="20171117 17:35:50.411" starttime="20171117 17:35:50.410" status="PASS"></status>
</kw>
<kw name="Execute Javascript" library="Selenium2Library">
<doc>Executes the given JavaScript code.</doc>
<arguments>
<arg>return Object.entries(wave.report.iconlist.${element}.items)[${details_row}][1].xpaths.length</arg>
</arguments>
<assign>
<var>${count_xpath}</var>
</assign>
<msg timestamp="20171117 17:35:50.411" level="INFO">Executing JavaScript:
return Object.entries(wave.report.iconlist.feature.items)[1][1].xpaths.length</msg>
<msg timestamp="20171117 17:35:50.418" level="INFO">${count_xpath} = 3</msg>
<status endtime="20171117 17:35:50.418" starttime="20171117 17:35:50.411" status="PASS"></status>
</kw>
<kw name="${index} IN RANGE [ 0 | ${count_xpath} ]" type="for">
<kw name="${index} = 0" type="foritem">
<kw name="Execute Javascript" library="Selenium2Library">
<doc>Executes the given JavaScript code.</doc>
<arguments>
<arg>return Object.entries(wave.report.iconlist.${element}.items)[${details_row}][1].xpaths[${index}]</arg>
</arguments>
<assign>
<var>${result}</var>
</assign>
<msg timestamp="20171117 17:35:50.420" level="INFO">Executing JavaScript:
return Object.entries(wave.report.iconlist.feature.items)[1][1].xpaths[0]</msg>
<msg timestamp="20171117 17:35:50.430" level="INFO">${result} = /BODY[1]/DIV[3]/DIV[2]/FORM[1]/FIELDSET[1]/DIV[2]/LABEL[1]</msg>
<status endtime="20171117 17:35:50.430" starttime="20171117 17:35:50.419" status="PASS"></status>
</kw>
<kw name="Catenate" library="BuiltIn">
<doc>Catenates the given items together and returns the resulted string.</doc>
<arguments>
<arg>${xpaths}</arg>
<arg>--- ${result} \n</arg>
</arguments>
<assign>
<var>${xpaths}</var>
</assign>
<msg timestamp="20171117 17:35:50.431" level="INFO">${xpaths} =  --- /BODY[1]/DIV[3]/DIV[2]/FORM[1]/FIELDSET[1]/DIV[2]/LABEL[1] 
</msg>
<status endtime="20171117 17:35:50.431" starttime="20171117 17:35:50.430" status="PASS"></status>
</kw>
<status endtime="20171117 17:35:50.431" starttime="20171117 17:35:50.419" status="PASS"></status>
</kw>
<kw name="${index} = 1" type="foritem">
<kw name="Execute Javascript" library="Selenium2Library">
<doc>Executes the given JavaScript code.</doc>
<arguments>
<arg>return Object.entries(wave.report.iconlist.${element}.items)[${details_row}][1].xpaths[${index}]</arg>
</arguments>
<assign>
<var>${result}</var>
</assign>
<msg timestamp="20171117 17:35:50.432" level="INFO">Executing JavaScript:
return Object.entries(wave.report.iconlist.feature.items)[1][1].xpaths[1]</msg>
<msg timestamp="20171117 17:35:50.440" level="INFO">${result} = /BODY[1]/DIV[3]/DIV[2]/FORM[1]/FIELDSET[1]/DIV[3]/LABEL[1]</msg>
<status endtime="20171117 17:35:50.440" starttime="20171117 17:35:50.431" status="PASS"></status>
</kw>
<kw name="Catenate" library="BuiltIn">
<doc>Catenates the given items together and returns the resulted string.</doc>
<arguments>
<arg>${xpaths}</arg>
<arg>--- ${result} \n</arg>
</arguments>
<assign>
<var>${xpaths}</var>
</assign>
<msg timestamp="20171117 17:35:50.441" level="INFO">${xpaths} =  --- /BODY[1]/DIV[3]/DIV[2]/FORM[1]/FIELDSET[1]/DIV[2]/LABEL[1] 
 --- /BODY[1]/DIV[3]/DIV[2]/FORM[1]/FIELDSET[1]/DIV[3]/LABEL[1] 
</msg>
<status endtime="20171117 17:35:50.441" starttime="20171117 17:35:50.441" status="PASS"></status>
</kw>
<status endtime="20171117 17:35:50.441" starttime="20171117 17:35:50.431" status="PASS"></status>
</kw>
<kw name="${index} = 2" type="foritem">
<kw name="Execute Javascript" library="Selenium2Library">
<doc>Executes the given JavaScript code.</doc>
<arguments>
<arg>return Object.entries(wave.report.iconlist.${element}.items)[${details_row}][1].xpaths[${index}]</arg>
</arguments>
<assign>
<var>${result}</var>
</assign>
<msg timestamp="20171117 17:35:50.442" level="INFO">Executing JavaScript:
return Object.entries(wave.report.iconlist.feature.items)[1][1].xpaths[2]</msg>
<msg timestamp="20171117 17:35:50.451" level="INFO">${result} = /BODY[1]/DIV[3]/DIV[2]/FORM[1]/FIELDSET[1]/DIV[4]/LABEL[1]</msg>
<status endtime="20171117 17:35:50.451" starttime="20171117 17:35:50.442" status="PASS"></status>
</kw>
<kw name="Catenate" library="BuiltIn">
<doc>Catenates the given items together and returns the resulted string.</doc>
<arguments>
<arg>${xpaths}</arg>
<arg>--- ${result} \n</arg>
</arguments>
<assign>
<var>${xpaths}</var>
</assign>
<msg timestamp="20171117 17:35:50.452" level="INFO">${xpaths} =  --- /BODY[1]/DIV[3]/DIV[2]/FORM[1]/FIELDSET[1]/DIV[2]/LABEL[1] 
 --- /BODY[1]/DIV[3]/DIV[2]/FORM[1]/FIELDSET[1]/DIV[3]/LABEL[1] 
 --- /BODY[1]/DIV[3]/DIV[2]/FORM[1]/FIELDSET[1]/DIV[4]/LABEL[1] 
</msg>
<status endtime="20171117 17:35:50.453" starttime="20171117 17:35:50.452" status="PASS"></status>
</kw>
<status endtime="20171117 17:35:50.453" starttime="20171117 17:35:50.441" status="PASS"></status>
</kw>
<status endtime="20171117 17:35:50.453" starttime="20171117 17:35:50.418" status="PASS"></status>
</kw>
<msg timestamp="20171117 17:35:50.453" level="INFO">${xpaths} =  --- /BODY[1]/DIV[3]/DIV[2]/FORM[1]/FIELDSET[1]/DIV[2]/LABEL[1] 
 --- /BODY[1]/DIV[3]/DIV[2]/FORM[1]/FIELDSET[1]/DIV[3]/LABEL[1] 
 --- /BODY[1]/DIV[3]/DIV[2]/FORM[1]/FIELDSET[1]/DIV[4]/LABEL[1] 
</msg>
<status endtime="20171117 17:35:50.453" starttime="20171117 17:35:50.410" status="PASS"></status>
</kw>
<kw name="Catenate" library="BuiltIn">
<doc>Catenates the given items together and returns the resulted string.</doc>
<arguments>
<arg>SEPARATOR=\n</arg>
<arg>${wave_detail_report}</arg>
<arg>${xpaths}</arg>
</arguments>
<assign>
<var>${wave_detail_report}</var>
</assign>
<msg timestamp="20171117 17:35:50.454" level="INFO">${wave_detail_report} = feature :
-- 1 x Alternative text
 --- /BODY[1]/ARTICLE[1]/HEADER[1]/DIV[1]/DIV[1]/IMG[1] 

-- 3 x Form label
 --- /BODY[1]/DIV[3]/DIV[2]/FORM[1]/FIELDSET[1]/DIV[2]/LABEL[1] 
 --- /BODY[1]/DIV[3]/DIV[...</msg>
<status endtime="20171117 17:35:50.454" starttime="20171117 17:35:50.454" status="PASS"></status>
</kw>
<status endtime="20171117 17:35:50.455" starttime="20171117 17:35:50.381" status="PASS"></status>
</kw>
<status endtime="20171117 17:35:50.455" starttime="20171117 17:35:50.323" status="PASS"></status>
</kw>
<kw name="Log" library="BuiltIn">
<doc>Logs the given message with the given level.</doc>
<arguments>
<arg>${wave_detail_report}</arg>
</arguments>
<msg timestamp="20171117 17:35:50.455" level="INFO">feature :
-- 1 x Alternative text
 --- /BODY[1]/ARTICLE[1]/HEADER[1]/DIV[1]/DIV[1]/IMG[1] 

-- 3 x Form label
 --- /BODY[1]/DIV[3]/DIV[2]/FORM[1]/FIELDSET[1]/DIV[2]/LABEL[1] 
 --- /BODY[1]/DIV[3]/DIV[2]/FORM[1]/FIELDSET[1]/DIV[3]/LABEL[1] 
 --- /BODY[1]/DIV[3]/DIV[2]/FORM[1]/FIELDSET[1]/DIV[4]/LABEL[1] 
</msg>
<status endtime="20171117 17:35:50.455" starttime="20171117 17:35:50.455" status="PASS"></status>
</kw>
<msg timestamp="20171117 17:35:50.456" level="INFO">${result} = feature :
-- 1 x Alternative text
 --- /BODY[1]/ARTICLE[1]/HEADER[1]/DIV[1]/DIV[1]/IMG[1] 

-- 3 x Form label
 --- /BODY[1]/DIV[3]/DIV[2]/FORM[1]/FIELDSET[1]/DIV[2]/LABEL[1] 
 --- /BODY[1]/DIV[3]/DIV[...</msg>
<status endtime="20171117 17:35:50.456" starttime="20171117 17:35:50.309" status="PASS"></status>
</kw>
<kw name="Catenate" library="BuiltIn">
<doc>Catenates the given items together and returns the resulted string.</doc>
<arguments>
<arg>SEPARATOR=\n</arg>
<arg>${page_wave_detail_report}</arg>
<arg>- ${result}</arg>
</arguments>
<assign>
<var>${page_wave_detail_report}</var>
</assign>
<msg timestamp="20171117 17:35:50.457" level="INFO">${page_wave_detail_report} = 
DETAILS
- error :
- alert :
-- 1 x Fieldset missing legend
 --- /BODY[1]/DIV[3]/DIV[2]/FORM[1]/FIELDSET[1] 

-- 1 x Suspicious link text
 --- /BODY[1]/ARTICLE[1]/HEADER[1]/NAV[1]/UL[1]/LI[1]/DIV[1]/U...</msg>
<status endtime="20171117 17:35:50.457" starttime="20171117 17:35:50.456" status="PASS"></status>
</kw>
<status endtime="20171117 17:35:50.457" starttime="20171117 17:35:50.309" status="PASS"></status>
</kw>
<kw name="${element} = structure" type="foritem">
<kw name="Get Each Wave Detail Report">
<arguments>
<arg>${element}</arg>
</arguments>
<assign>
<var>${result}</var>
</assign>
<kw name="Set Variable" library="BuiltIn">
<doc>Returns the given values which can then be assigned to a variables.</doc>
<arguments>
<arg>${element} :</arg>
</arguments>
<assign>
<var>${wave_detail_report}</var>
</assign>
<msg timestamp="20171117 17:35:50.458" level="INFO">${wave_detail_report} = structure :</msg>
<status endtime="20171117 17:35:50.458" starttime="20171117 17:35:50.458" status="PASS"></status>
</kw>
<kw name="Execute Javascript" library="Selenium2Library">
<doc>Executes the given JavaScript code.</doc>
<arguments>
<arg>return Object.entries(wave.report.iconlist.${ELEMENT}.items).length;</arg>
</arguments>
<assign>
<var>${result}</var>
</assign>
<msg timestamp="20171117 17:35:50.459" level="INFO">Executing JavaScript:
return Object.entries(wave.report.iconlist.structure.items).length;</msg>
<msg timestamp="20171117 17:35:50.465" level="INFO">${result} = 3</msg>
<status endtime="20171117 17:35:50.465" starttime="20171117 17:35:50.458" status="PASS"></status>
</kw>
<kw name="${index} IN RANGE [ 0 | ${result} ]" type="for">
<kw name="${index} = 0" type="foritem">
<kw name="Execute Javascript" library="Selenium2Library">
<doc>Executes the given JavaScript code.</doc>
<arguments>
<arg>return Object.entries(wave.report.iconlist.${element}.items)[${index}][1].count</arg>
</arguments>
<assign>
<var>${count}</var>
</assign>
<msg timestamp="20171117 17:35:50.466" level="INFO">Executing JavaScript:
return Object.entries(wave.report.iconlist.structure.items)[0][1].count</msg>
<msg timestamp="20171117 17:35:50.475" level="INFO">${count} = 2</msg>
<status endtime="20171117 17:35:50.475" starttime="20171117 17:35:50.466" status="PASS"></status>
</kw>
<kw name="Execute Javascript" library="Selenium2Library">
<doc>Executes the given JavaScript code.</doc>
<arguments>
<arg>return Object.entries(wave.report.iconlist.${element}.items)[${index}][1].description</arg>
</arguments>
<assign>
<var>${desc}</var>
</assign>
<msg timestamp="20171117 17:35:50.475" level="INFO">Executing JavaScript:
return Object.entries(wave.report.iconlist.structure.items)[0][1].description</msg>
<msg timestamp="20171117 17:35:50.484" level="INFO">${desc} = Heading level 1</msg>
<status endtime="20171117 17:35:50.484" starttime="20171117 17:35:50.475" status="PASS"></status>
</kw>
<kw name="Catenate" library="BuiltIn">
<doc>Catenates the given items together and returns the resulted string.</doc>
<arguments>
<arg>SEPARATOR=\n</arg>
<arg>${wave_detail_report}</arg>
<arg>-- ${count} x ${desc}</arg>
</arguments>
<assign>
<var>${wave_detail_report}</var>
</assign>
<msg timestamp="20171117 17:35:50.485" level="INFO">${wave_detail_report} = structure :
-- 2 x Heading level 1</msg>
<status endtime="20171117 17:35:50.485" starttime="20171117 17:35:50.484" status="PASS"></status>
</kw>
<kw name="Get xpath violation">
<arguments>
<arg>${ELEMENT}</arg>
<arg>${index}</arg>
</arguments>
<assign>
<var>${xpaths}</var>
</assign>
<kw name="Set Variable" library="BuiltIn">
<doc>Returns the given values which can then be assigned to a variables.</doc>
<assign>
<var>${xpaths}</var>
</assign>
<msg timestamp="20171117 17:35:50.487" level="INFO">${xpaths} = </msg>
<status endtime="20171117 17:35:50.487" starttime="20171117 17:35:50.486" status="PASS"></status>
</kw>
<kw name="Execute Javascript" library="Selenium2Library">
<doc>Executes the given JavaScript code.</doc>
<arguments>
<arg>return Object.entries(wave.report.iconlist.${element}.items)[${details_row}][1].xpaths.length</arg>
</arguments>
<assign>
<var>${count_xpath}</var>
</assign>
<msg timestamp="20171117 17:35:50.488" level="INFO">Executing JavaScript:
return Object.entries(wave.report.iconlist.structure.items)[0][1].xpaths.length</msg>
<msg timestamp="20171117 17:35:50.496" level="INFO">${count_xpath} = 2</msg>
<status endtime="20171117 17:35:50.496" starttime="20171117 17:35:50.487" status="PASS"></status>
</kw>
<kw name="${index} IN RANGE [ 0 | ${count_xpath} ]" type="for">
<kw name="${index} = 0" type="foritem">
<kw name="Execute Javascript" library="Selenium2Library">
<doc>Executes the given JavaScript code.</doc>
<arguments>
<arg>return Object.entries(wave.report.iconlist.${element}.items)[${details_row}][1].xpaths[${index}]</arg>
</arguments>
<assign>
<var>${result}</var>
</assign>
<msg timestamp="20171117 17:35:50.497" level="INFO">Executing JavaScript:
return Object.entries(wave.report.iconlist.structure.items)[0][1].xpaths[0]</msg>
<msg timestamp="20171117 17:35:50.526" level="INFO">${result} = /BODY[1]/ARTICLE[1]/HEADER[1]/DIV[1]/H1[1]</msg>
<status endtime="20171117 17:35:50.526" starttime="20171117 17:35:50.497" status="PASS"></status>
</kw>
<kw name="Catenate" library="BuiltIn">
<doc>Catenates the given items together and returns the resulted string.</doc>
<arguments>
<arg>${xpaths}</arg>
<arg>--- ${result} \n</arg>
</arguments>
<assign>
<var>${xpaths}</var>
</assign>
<msg timestamp="20171117 17:35:50.527" level="INFO">${xpaths} =  --- /BODY[1]/ARTICLE[1]/HEADER[1]/DIV[1]/H1[1] 
</msg>
<status endtime="20171117 17:35:50.527" starttime="20171117 17:35:50.527" status="PASS"></status>
</kw>
<status endtime="20171117 17:35:50.527" starttime="20171117 17:35:50.497" status="PASS"></status>
</kw>
<kw name="${index} = 1" type="foritem">
<kw name="Execute Javascript" library="Selenium2Library">
<doc>Executes the given JavaScript code.</doc>
<arguments>
<arg>return Object.entries(wave.report.iconlist.${element}.items)[${details_row}][1].xpaths[${index}]</arg>
</arguments>
<assign>
<var>${result}</var>
</assign>
<msg timestamp="20171117 17:35:50.528" level="INFO">Executing JavaScript:
return Object.entries(wave.report.iconlist.structure.items)[0][1].xpaths[1]</msg>
<msg timestamp="20171117 17:35:50.595" level="INFO">${result} = /BODY[1]/ASIDE[1]/DIV[2]/H1[1]</msg>
<status endtime="20171117 17:35:50.595" starttime="20171117 17:35:50.528" status="PASS"></status>
</kw>
<kw name="Catenate" library="BuiltIn">
<doc>Catenates the given items together and returns the resulted string.</doc>
<arguments>
<arg>${xpaths}</arg>
<arg>--- ${result} \n</arg>
</arguments>
<assign>
<var>${xpaths}</var>
</assign>
<msg timestamp="20171117 17:35:50.596" level="INFO">${xpaths} =  --- /BODY[1]/ARTICLE[1]/HEADER[1]/DIV[1]/H1[1] 
 --- /BODY[1]/ASIDE[1]/DIV[2]/H1[1] 
</msg>
<status endtime="20171117 17:35:50.596" starttime="20171117 17:35:50.595" status="PASS"></status>
</kw>
<status endtime="20171117 17:35:50.596" starttime="20171117 17:35:50.528" status="PASS"></status>
</kw>
<status endtime="20171117 17:35:50.596" starttime="20171117 17:35:50.496" status="PASS"></status>
</kw>
<msg timestamp="20171117 17:35:50.596" level="INFO">${xpaths} =  --- /BODY[1]/ARTICLE[1]/HEADER[1]/DIV[1]/H1[1] 
 --- /BODY[1]/ASIDE[1]/DIV[2]/H1[1] 
</msg>
<status endtime="20171117 17:35:50.596" starttime="20171117 17:35:50.485" status="PASS"></status>
</kw>
<kw name="Catenate" library="BuiltIn">
<doc>Catenates the given items together and returns the resulted string.</doc>
<arguments>
<arg>SEPARATOR=\n</arg>
<arg>${wave_detail_report}</arg>
<arg>${xpaths}</arg>
</arguments>
<assign>
<var>${wave_detail_report}</var>
</assign>
<msg timestamp="20171117 17:35:50.597" level="INFO">${wave_detail_report} = structure :
-- 2 x Heading level 1
 --- /BODY[1]/ARTICLE[1]/HEADER[1]/DIV[1]/H1[1] 
 --- /BODY[1]/ASIDE[1]/DIV[2]/H1[1] 
</msg>
<status endtime="20171117 17:35:50.597" starttime="20171117 17:35:50.597" status="PASS"></status>
</kw>
<status endtime="20171117 17:35:50.597" starttime="20171117 17:35:50.466" status="PASS"></status>
</kw>
<kw name="${index} = 1" type="foritem">
<kw name="Execute Javascript" library="Selenium2Library">
<doc>Executes the given JavaScript code.</doc>
<arguments>
<arg>return Object.entries(wave.report.iconlist.${element}.items)[${index}][1].count</arg>
</arguments>
<assign>
<var>${count}</var>
</assign>
<msg timestamp="20171117 17:35:50.598" level="INFO">Executing JavaScript:
return Object.entries(wave.report.iconlist.structure.items)[1][1].count</msg>
<msg timestamp="20171117 17:35:50.667" level="INFO">${count} = 2</msg>
<status endtime="20171117 17:35:50.667" starttime="20171117 17:35:50.598" status="PASS"></status>
</kw>
<kw name="Execute Javascript" library="Selenium2Library">
<doc>Executes the given JavaScript code.</doc>
<arguments>
<arg>return Object.entries(wave.report.iconlist.${element}.items)[${index}][1].description</arg>
</arguments>
<assign>
<var>${desc}</var>
</assign>
<msg timestamp="20171117 17:35:50.668" level="INFO">Executing JavaScript:
return Object.entries(wave.report.iconlist.structure.items)[1][1].description</msg>
<msg timestamp="20171117 17:35:50.682" level="INFO">${desc} = Heading level 2</msg>
<status endtime="20171117 17:35:50.682" starttime="20171117 17:35:50.667" status="PASS"></status>
</kw>
<kw name="Catenate" library="BuiltIn">
<doc>Catenates the given items together and returns the resulted string.</doc>
<arguments>
<arg>SEPARATOR=\n</arg>
<arg>${wave_detail_report}</arg>
<arg>-- ${count} x ${desc}</arg>
</arguments>
<assign>
<var>${wave_detail_report}</var>
</assign>
<msg timestamp="20171117 17:35:50.683" level="INFO">${wave_detail_report} = structure :
-- 2 x Heading level 1
 --- /BODY[1]/ARTICLE[1]/HEADER[1]/DIV[1]/H1[1] 
 --- /BODY[1]/ASIDE[1]/DIV[2]/H1[1] 

-- 2 x Heading level 2</msg>
<status endtime="20171117 17:35:50.683" starttime="20171117 17:35:50.682" status="PASS"></status>
</kw>
<kw name="Get xpath violation">
<arguments>
<arg>${ELEMENT}</arg>
<arg>${index}</arg>
</arguments>
<assign>
<var>${xpaths}</var>
</assign>
<kw name="Set Variable" library="BuiltIn">
<doc>Returns the given values which can then be assigned to a variables.</doc>
<assign>
<var>${xpaths}</var>
</assign>
<msg timestamp="20171117 17:35:50.684" level="INFO">${xpaths} = </msg>
<status endtime="20171117 17:35:50.685" starttime="20171117 17:35:50.684" status="PASS"></status>
</kw>
<kw name="Execute Javascript" library="Selenium2Library">
<doc>Executes the given JavaScript code.</doc>
<arguments>
<arg>return Object.entries(wave.report.iconlist.${element}.items)[${details_row}][1].xpaths.length</arg>
</arguments>
<assign>
<var>${count_xpath}</var>
</assign>
<msg timestamp="20171117 17:35:50.685" level="INFO">Executing JavaScript:
return Object.entries(wave.report.iconlist.structure.items)[1][1].xpaths.length</msg>
<msg timestamp="20171117 17:35:50.698" level="INFO">${count_xpath} = 2</msg>
<status endtime="20171117 17:35:50.699" starttime="20171117 17:35:50.685" status="PASS"></status>
</kw>
<kw name="${index} IN RANGE [ 0 | ${count_xpath} ]" type="for">
<kw name="${index} = 0" type="foritem">
<kw name="Execute Javascript" library="Selenium2Library">
<doc>Executes the given JavaScript code.</doc>
<arguments>
<arg>return Object.entries(wave.report.iconlist.${element}.items)[${details_row}][1].xpaths[${index}]</arg>
</arguments>
<assign>
<var>${result}</var>
</assign>
<msg timestamp="20171117 17:35:50.700" level="INFO">Executing JavaScript:
return Object.entries(wave.report.iconlist.structure.items)[1][1].xpaths[0]</msg>
<msg timestamp="20171117 17:35:50.719" level="INFO">${result} = /BODY[1]/DIV[3]/DIV[2]/H2[1]</msg>
<status endtime="20171117 17:35:50.720" starttime="20171117 17:35:50.699" status="PASS"></status>
</kw>
<kw name="Catenate" library="BuiltIn">
<doc>Catenates the given items together and returns the resulted string.</doc>
<arguments>
<arg>${xpaths}</arg>
<arg>--- ${result} \n</arg>
</arguments>
<assign>
<var>${xpaths}</var>
</assign>
<msg timestamp="20171117 17:35:50.721" level="INFO">${xpaths} =  --- /BODY[1]/DIV[3]/DIV[2]/H2[1] 
</msg>
<status endtime="20171117 17:35:50.721" starttime="20171117 17:35:50.720" status="PASS"></status>
</kw>
<status endtime="20171117 17:35:50.722" starttime="20171117 17:35:50.699" status="PASS"></status>
</kw>
<kw name="${index} = 1" type="foritem">
<kw name="Execute Javascript" library="Selenium2Library">
<doc>Executes the given JavaScript code.</doc>
<arguments>
<arg>return Object.entries(wave.report.iconlist.${element}.items)[${details_row}][1].xpaths[${index}]</arg>
</arguments>
<assign>
<var>${result}</var>
</assign>
<msg timestamp="20171117 17:35:50.724" level="INFO">Executing JavaScript:
return Object.entries(wave.report.iconlist.structure.items)[1][1].xpaths[1]</msg>
[...]
COMPLETE WAVE REPORT 
====================================
==================================== 
['AirAsia | Booking | Book low fares online - Search']
===========...</msg>
<status endtime="20171117 17:36:41.309" starttime="20171117 17:36:41.308" status="PASS"></status>
</kw>
<status endtime="20171117 17:36:41.309" starttime="20171117 17:36:41.308" status="PASS"></status>
</kw>
<status endtime="20171117 17:36:41.309" starttime="20171117 17:36:41.296" status="PASS"></status>
</kw>
<kw name="Log" library="BuiltIn">
<doc>Logs the given message with the given level.</doc>
<arguments>
<arg>${COMPLETE_WAVE_REPORT}</arg>
</arguments>
<msg timestamp="20171117 17:36:41.309" level="INFO">====================================
COMPLETE WAVE REPORT 
====================================
==================================== 
['AirAsia | Booking | Book low fares online - Search']
==================================== 
SUMMARY 
Wave has detected the following :
- 0 error
- 4 alert
- 4 feature
- 8 structure
- 68 html5
- 0 contrast

DETAILS
- error :
- alert :
-- 1 x Fieldset missing legend
 --- /BODY[1]/DIV[3]/DIV[2]/FORM[1]/FIELDSET[1] 

-- 1 x Suspicious link text
 --- /BODY[1]/ARTICLE[1]/HEADER[1]/NAV[1]/UL[1]/LI[1]/DIV[1]/UL[1]/LI[1]/FORM[1]/A[1] 

-- 2 x Redundant title text
 --- /BODY[1]/FOOTER[1]/DIV[2]/A[1] 
 --- /BODY[1]/FOOTER[1]/DIV[2]/A[2] 

- feature :
-- 1 x Alternative text
 --- /BODY[1]/ARTICLE[1]/HEADER[1]/DIV[1]/DIV[1]/IMG[1] 

-- 3 x Form label
 --- /BODY[1]/DIV[3]/DIV[2]/FORM[1]/FIELDSET[1]/DIV[2]/LABEL[1] 
 --- /BODY[1]/DIV[3]/DIV[2]/FORM[1]/FIELDSET[1]/DIV[3]/LABEL[1] 
 --- /BODY[1]/DIV[3]/DIV[2]/FORM[1]/FIELDSET[1]/DIV[4]/LABEL[1] 

- structure :
-- 2 x Heading level 1
 --- /BODY[1]/ARTICLE[1]/HEADER[1]/DIV[1]/H1[1] 
 --- /BODY[1]/ASIDE[1]/DIV[2]/H1[1] 

-- 2 x Heading level 2
 --- /BODY[1]/DIV[3]/DIV[2]/H2[1] 
 --- /BODY[1]/ASIDE[1]/DIV[1]/H2[1] 

-- 4 x Unordered list
 --- /BODY[1]/ARTICLE[1]/HEADER[1]/NAV[1]/UL[1] 
 --- /BODY[1]/ARTICLE[1]/HEADER[1]/NAV[1]/UL[1]/LI[1]/DIV[1]/UL[1] 
 --- /BODY[1]/DIV[3]/DIV[1]/UL[1] 
 --- /BODY[1]/ASIDE[1]/DIV[2]/UL[1] 

- html5 :
-- 1 x Header
 --- /BODY[1]/ARTICLE[1]/HEADER[1] 

-- 1 x Navigation
 --- /BODY[1]/ARTICLE[1]/HEADER[1]/NAV[1] 

-- 1 x Footer
 --- /BODY[1]/FOOTER[1] 

-- 1 x Aside
 --- /BODY[1]/ASIDE[1] 

-- 33 x ARIA
 --- /BODY[1]/ARTICLE[1]/HEADER[1]/DIV[3] 
 --- /BODY[1]/ARTICLE[1]/HEADER[1]/NAV[1]/UL[1] 
 --- /BODY[1]/ARTICLE[1]/HEADER[1]/NAV[1]/UL[1]/LI[1]/A[1] 
 --- /BODY[1]/ARTICLE[1]/HEADER[1]/NAV[1]/UL[1]/LI[1]/DIV[1] 
 --- /BODY[1]/ARTICLE[1]/HEADER[1]/NAV[1]/UL[1]/LI[1]/DIV[1]/UL[1]/LI[1]/FORM[1]/A[1] 
 --- /BODY[1]/DIV[3]/DIV[2]/FORM[1]/FIELDSET[1]/DIV[2]/INPUT[1] 
 --- /BODY[1]/DIV[3]/DIV[2]/FORM[1]/FIELDSET[1]/DIV[2]/LABEL[1] 
 --- /BODY[1]/DIV[3]/DIV[2]/FORM[1]/FIELDSET[1]/DIV[3]/INPUT[1] 
 --- /BODY[1]/DIV[3]/DIV[2]/FORM[1]/FIELDSET[1]/DIV[3]/LABEL[1] 
 --- /BODY[1]/DIV[3]/DIV[2]/FORM[1]/FIELDSET[1]/DIV[4]/INPUT[1] 
 --- /BODY[1]/DIV[3]/DIV[2]/FORM[1]/FIELDSET[1]/DIV[4]/LABEL[1] 
 --- /BODY[1]/ASIDE[1]/DIV[2] 
 --- /BODY[1]/ASIDE[1]/DIV[2]/UL[1]/LI[1]/DIV[1] 
 --- /BODY[1]/ASIDE[1]/DIV[2]/UL[1]/LI[1]/DIV[2] 
 --- /BODY[1]/ASIDE[1]/DIV[2]/UL[1]/LI[1]/DIV[3] 
 --- /BODY[1]/ASIDE[1]/DIV[2]/UL[1]/LI[2]/DIV[1] 
 --- /BODY[1]/ASIDE[1]/DIV[2]/UL[1]/LI[2]/DIV[2] 
 --- /BODY[1]/ASIDE[1]/DIV[2]/UL[1]/LI[2]/DIV[3] 
 --- /BODY[1]/ASIDE[1]/DIV[2]/UL[1]/LI[3]/DIV[1]/DIV[1] 
 --- /BODY[1]/ASIDE[1]/DIV[2]/UL[1]/LI[3]/DIV[2]/DIV[1] 
 --- /BODY[1]/ASIDE[1]/DIV[2]/UL[1]/LI[4]/DIV[1]/DIV[1] 
 --- /BODY[1]/ASIDE[1]/DIV[2]/UL[1]/LI[4]/DIV[2]/DIV[1] 
 --- /BODY[1]/ASIDE[1]/DIV[2]/UL[1]/LI[5]/DIV[1]/DIV[1] 
 --- /BODY[1]/ASIDE[1]/DIV[2]/UL[1]/LI[5]/DIV[2]/DIV[1] 
 --- /BODY[1]/ASIDE[1]/DIV[2]/UL[1]/LI[6]/DIV[1]/DIV[1] 
 --- /BODY[1]/ASIDE[1]/DIV[2]/UL[1]/LI[6]/DIV[2]/DIV[1] 
 --- /BODY[1]/DIV[4] 
 --- /BODY[1]/DIV[5] 
 --- /BODY[1]/DIV[6] 
 --- /BODY[1]/DIV[6]/DIV[2]/BUTTON[1] 
 --- /BODY[1]/DIV[6]/DIV[2]/BUTTON[2] 
 --- /BODY[1]/DIV[6]/DIV[3] 
 --- /BODY[1]/DIV[7] 

-- 5 x ARIA label or description
 --- /BODY[1]/ARTICLE[1]/HEADER[1]/DIV[1]/H1[1]/A[1] 
 --- /BODY[1]/ARTICLE[1]/HEADER[1]/NAV[1] 
 --- /BODY[1]/DIV[3]/DIV[1]/UL[1]/LI[1]/A[1] 
 --- /BODY[1]/FOOTER[1]/DIV[2]/A[1] 
 --- /BODY[1]/FOOTER[1]/DIV[2]/A[2] 

-- 26 x ARIA tabindex
 --- /BODY[1]/ARTICLE[1]/HEADER[1]/NAV[1] 
 --- /BODY[1]/ARTICLE[1]/HEADER[1]/NAV[1]/UL[1]/LI[1]/A[1] 
 --- /BODY[1]/ARTICLE[1]/HEADER[1]/NAV[1]/UL[1]/LI[1]/DIV[1]/UL[1]/LI[1]/FORM[1]/A[1] 
 --- /BODY[1]/DIV[3]/DIV[2]/FORM[1]/FIELDSET[1] 
 --- /BODY[1]/DIV[3]/DIV[2]/FORM[1]/FIELDSET[1]/DIV[2]/LABEL[1] 
 --- /BODY[1]/DIV[3]/DIV[2]/FORM[1]/FIELDSET[1]/DIV[3]/LABEL[1] 
 --- /BODY[1]/DIV[3]/DIV[2]/FORM[1]/FIELDSET[1]/DIV[4]/LABEL[1] 
 --- /BODY[1]/ASIDE[1]/DIV[2]/UL[1]/LI[1]/DIV[1] 
 --- /BODY[1]/ASIDE[1]/DIV[2]/UL[1]/LI[1]/DIV[2] 
 --- /BODY[1]/ASIDE[1]/DIV[2]/UL[1]/LI[1]/DIV[3] 
 --- /BODY[1]/ASIDE[1]/DIV[2]/UL[1]/LI[2]/DIV[1] 
 --- /BODY[1]/ASIDE[1]/DIV[2]/UL[1]/LI[2]/DIV[2] 
 --- /BODY[1]/ASIDE[1]/DIV[2]/UL[1]/LI[2]/DIV[3] 
 --- /BODY[1]/ASIDE[1]/DIV[2]/UL[1]/LI[3]/DIV[1]/DIV[1] 
 --- /BODY[1]/ASIDE[1]/DIV[2]/UL[1]/LI[3]/DIV[2]/DIV[1] 
 --- /BODY[1]/ASIDE[1]/DIV[2]/UL[1]/LI[4]/DIV[1]/DIV[1] 
 --- /BODY[1]/ASIDE[1]/DIV[2]/UL[1]/LI[4]/DIV[2]/DIV[1] 
 --- /BODY[1]/ASIDE[1]/DIV[2]/UL[1]/LI[5]/DIV[1]/DIV[1] 
 --- /BODY[1]/ASIDE[1]/DIV[2]/UL[1]/LI[5]/DIV[2]/DIV[1] 
 --- /BODY[1]/ASIDE[1]/DIV[2]/UL[1]/LI[6]/DIV[1]/DIV[1] 
 --- /BODY[1]/ASIDE[1]/DIV[2]/UL[1]/LI[6]/DIV[2]/DIV[1] 
 --- /BODY[1]/DIV[6] 
 --- /BODY[1]/DIV[6]/DIV[2]/BUTTON[1] 
 --- /BODY[1]/DIV[6]/DIV[2]/BUTTON[2] 
 --- /BODY[1]/DIV[6]/DIV[3] 
 --- /BODY[1]/DIV[7] 

- contrast :
==================================== 
['AirAsia | Booking | Book low fares online - Select']
==================================== 
SUMMARY 
Wave has detected the following :
- 0 error
- 3 alert
- 7 feature
- 19 structure
- 49 html5
- 0 contrast

DETAILS
- error :
- alert :
-- 1 x Fieldset missing legend
 --- /BODY[1]/DIV[3]/FORM[2]/FIELDSET[1] 

-- 2 x Redundant title text
 --- /BODY[1]/FOOTER[1]/DIV[2]/A[1] 
 --- /BODY[1]/FOOTER[1]/DIV[2]/A[2] 

- feature :
-- 1 x Alternative text
 --- /BODY[1]/ARTICLE[1]/HEADER[1]/DIV[1]/DIV[1]/IMG[1] 

-- 4 x Linked image with alternative text
 --- /BODY[1]/DIV[3]/DIV[3]/DIV[1]/DIV[2]/UL[1]/LI[1]/A[1]/IMG[1] 
 --- /BODY[1]/DIV[3]/DIV[3]/DIV[1]/DIV[2]/UL[1]/LI[9]/A[1]/IMG[1] 
 --- /BODY[1]/DIV[3]/DIV[3]/DIV[2]/DIV[2]/UL[1]/LI[1]/A[1]/IMG[1] 
 --- /BODY[1]/DIV[3]/DIV[3]/DIV[2]/DIV[2]/UL[1]/LI[9]/A[1]/IMG[1] 

-- 2 x Form label
 --- /BODY[1]/DIV[3]/FORM[2]/FIELDSET[1]/DIV[1]/LABEL[1] 
 --- /BODY[1]/DIV[3]/FORM[2]/FIELDSET[1]/DIV[2]/LABEL[1] 

- structure :
-- 2 x Data table
 --- /BODY[1]/DIV[3]/DIV[3]/DIV[1]/DIV[3]/TABLE[1] 
 --- /BODY[1]/DIV[3]/DIV[3]/DIV[2]/DIV[3]/TABLE[1] 

-- 8 x Column header cell
 --- /BODY[1]/DIV[3]/DIV[3]/DIV[1]/DIV[3]/TABLE[1]/THEAD[1]/TR[1]/TH[1] 
 --- /BODY[1]/DIV[3]/DIV[3]/DIV[1]/DIV[3]/TABLE[1]/THEAD[1]/TR[1]/TH[2] 
 --- /BODY[1]/DIV[3]/DIV[3]/DIV[1]/DIV[3]/TABLE[1]/THEAD[1]/TR[1]/TH[3] 
 --- /BODY[1]/DIV[3]/DIV[3]/DIV[1]/DIV[3]/TABLE[1]/THEAD[1]/TR[1]/TH[4] 
 --- /BODY[1]/DIV[3]/DIV[3]/DIV[2]/DIV[3]/TABLE[1]/THEAD[1]/TR[1]/TH[1] 
 --- /BODY[1]/DIV[3]/DIV[3]/DIV[2]/DIV[3]/TABLE[1]/THEAD[1]/TR[1]/TH[2] 
 --- /BODY[1]/DIV[3]/DIV[3]/DIV[2]/DIV[3]/TABLE[1]/THEAD[1]/TR[1]/TH[3] 
 --- /BODY[1]/DIV[3]/DIV[3]/DIV[2]/DIV[3]/TABLE[1]/THEAD[1]/TR[1]/TH[4] 

-- 2 x Heading level 1
 --- /BODY[1]/ARTICLE[1]/HEADER[1]/DIV[1]/H1[1] 
 --- /BODY[1]/ASIDE[1]/DIV[2]/H1[1] 

-- 3 x Heading level 2
 --- /BODY[1]/DIV[3]/DIV[3]/DIV[1]/H2[1] 
 --- /BODY[1]/DIV[3]/DIV[3]/DIV[2]/H2[1] 
 --- /BODY[1]/ASIDE[1]/DIV[1]/H2[1] 

-- 4 x Unordered list
 --- /BODY[1]/DIV[3]/DIV[1]/UL[1] 
 --- /BODY[1]/DIV[3]/DIV[3]/DIV[1]/DIV[2]/UL[1] 
 --- /BODY[1]/DIV[3]/DIV[3]/DIV[2]/DIV[2]/UL[1] 
 --- /BODY[1]/ASIDE[1]/DIV[2]/UL[1] 

- html5 :
-- 1 x Header
 --- /BODY[1]/ARTICLE[1]/HEADER[1] 

-- 1 x Footer
 --- /BODY[1]/FOOTER[1] 

-- 1 x Aside
 --- /BODY[1]/ASIDE[1] 

-- 23 x ARIA
 --- /BODY[1]/DIV[3]/FORM[2]/FIELDSET[1]/DIV[1]/INPUT[1] 
 --- /BODY[1]/DIV[3]/FORM[2]/FIELDSET[1]/DIV[1]/LABEL[1] 
 --- /BODY[1]/DIV[3]/FORM[2]/FIELDSET[1]/DIV[2]/INPUT[1] 
 --- /BODY[1]/DIV[3]/FORM[2]/FIELDSET[1]/DIV[2]/LABEL[1] 
 --- /BODY[1]/DIV[3]/DIV[6] 
 --- /BODY[1]/ASIDE[1]/DIV[2] 
 --- /BODY[1]/ASIDE[1]/DIV[2]/UL[1]/LI[1]/DIV[1] 
 --- /BODY[1]/ASIDE[1]/DIV[2]/UL[1]/LI[1]/DIV[2] 
 --- /BODY[1]/ASIDE[1]/DIV[2]/UL[1]/LI[1]/DIV[3] 
 --- /BODY[1]/ASIDE[1]/DIV[2]/UL[1]/LI[2]/DIV[1] 
 --- /BODY[1]/ASIDE[1]/DIV[2]/UL[1]/LI[2]/DIV[2] 
 --- /BODY[1]/ASIDE[1]/DIV[2]/UL[1]/LI[2]/DIV[3] 
 --- /BODY[1]/ASIDE[1]/DIV[2]/UL[1]/LI[3]/DIV[1]/DIV[1] 
 --- /BODY[1]/ASIDE[1]/DIV[2]/UL[1]/LI[3]/DIV[2]/DIV[1] 
 --- /BODY[1]/ASIDE[1]/DIV[2]/UL[1]/LI[4]/DIV[1]/DIV[1] 
 --- /BODY[1]/ASIDE[1]/DIV[2]/UL[1]/LI[4]/DIV[2]/DIV[1] 
 --- /BODY[1]/ASIDE[1]/DIV[2]/UL[1]/LI[5]/DIV[1]/DIV[1] 
 --- /BODY[1]/ASIDE[1]/DIV[2]/UL[1]/LI[5]/DIV[2]/DIV[1] 
 --- /BODY[1]/ASIDE[1]/DIV[2]/UL[1]/LI[6]/DIV[1]/DIV[1] 
 --- /BODY[1]/ASIDE[1]/DIV[2]/UL[1]/LI[6]/DIV[2]/DIV[1] 
 --- /BODY[1]/ARTICLE[2] 
 --- /BODY[1]/DIV[4] 
 --- /BODY[1]/DIV[5] 

-- 5 x ARIA label or description
 --- /BODY[1]/ARTICLE[1]/HEADER[1]/DIV[1]/H1[1]/A[1] 
 --- /BODY[1]/DIV[3]/DIV[1]/UL[1]/LI[1]/A[1] 
 --- /BODY[1]/DIV[3]/DIV[1]/UL[1]/LI[2]/A[1] 
 --- /BODY[1]/FOOTER[1]/DIV[2]/A[1] 
 --- /BODY[1]/FOOTER[1]/DIV[2]/A[2] 

-- 18 x ARIA tabindex
 --- /BODY[1]/DIV[3]/FORM[2]/FIELDSET[1] 
 --- /BODY[1]/DIV[3]/FORM[2]/FIELDSET[1]/DIV[1]/LABEL[1] 
 --- /BODY[1]/DIV[3]/FORM[2]/FIELDSET[1]/DIV[2]/LABEL[1] 
 --- /BODY[1]/ASIDE[1]/DIV[2]/UL[1]/LI[1]/DIV[1] 
 --- /BODY[1]/ASIDE[1]/DIV[2]/UL[1]/LI[1]/DIV[2] 
 --- /BODY[1]/ASIDE[1]/DIV[2]/UL[1]/LI[1]/DIV[3] 
 --- /BODY[1]/ASIDE[1]/DIV[2]/UL[1]/LI[2]/DIV[1] 
 --- /BODY[1]/ASIDE[1]/DIV[2]/UL[1]/LI[2]/DIV[2] 
 --- /BODY[1]/ASIDE[1]/DIV[2]/UL[1]/LI[2]/DIV[3] 
 --- /BODY[1]/ASIDE[1]/DIV[2]/UL[1]/LI[3]/DIV[1]/DIV[1] 
 --- /BODY[1]/ASIDE[1]/DIV[2]/UL[1]/LI[3]/DIV[2]/DIV[1] 
 --- /BODY[1]/ASIDE[1]/DIV[2]/UL[1]/LI[4]/DIV[1]/DIV[1] 
 --- /BODY[1]/ASIDE[1]/DIV[2]/UL[1]/LI[4]/DIV[2]/DIV[1] 
 --- /BODY[1]/ASIDE[1]/DIV[2]/UL[1]/LI[5]/DIV[1]/DIV[1] 
 --- /BODY[1]/ASIDE[1]/DIV[2]/UL[1]/LI[5]/DIV[2]/DIV[1] 
 --- /BODY[1]/ASIDE[1]/DIV[2]/UL[1]/LI[6]/DIV[1]/DIV[1] 
 --- /BODY[1]/ASIDE[1]/DIV[2]/UL[1]/LI[6]/DIV[2]/DIV[1] 
 --- /BODY[1]/DIV[5] 

- contrast :
==================================== 
['AirAsia | Booking | Book low fares online - Select']
==================================== 
SUMMARY 
Wave has detected the following :
- 0 error
- 2 alert
- 1 feature
- 4 structure
- 40 html5
- 0 contrast

DETAILS
- error :
- alert :
-- 2 x Redundant title text
 --- /BODY[1]/FOOTER[1]/DIV[2]/A[1] 
 --- /BODY[1]/FOOTER[1]/DIV[2]/A[2] 

- feature :
-- 1 x Alternative text
 --- /BODY[1]/ARTICLE[1]/HEADER[1]/DIV[1]/DIV[1]/IMG[1] 

- structure :
-- 2 x Heading level 1
 --- /BODY[1]/ARTICLE[1]/HEADER[1]/DIV[1]/H1[1] 
 --- /BODY[1]/ASIDE[1]/DIV[2]/H1[1] 

-- 1 x Heading level 2
 --- /BODY[1]/ASIDE[1]/DIV[1]/H2[1] 

-- 1 x Unordered list
 --- /BODY[1]/ASIDE[1]/DIV[2]/UL[1] 

- html5 :
-- 1 x Header
 --- /BODY[1]/ARTICLE[1]/HEADER[1] 

-- 1 x Footer
 --- /BODY[1]/FOOTER[1] 

-- 1 x Aside
 --- /BODY[1]/ASIDE[1] 

-- 19 x ARIA
 --- /BODY[1]/DIV[3]/DIV[2] 
 --- /BODY[1]/ASIDE[1]/DIV[2] 
 --- /BODY[1]/ASIDE[1]/DIV[2]/UL[1]/LI[1]/DIV[1] 
 --- /BODY[1]/ASIDE[1]/DIV[2]/UL[1]/LI[1]/DIV[2] 
 --- /BODY[1]/ASIDE[1]/DIV[2]/UL[1]/LI[1]/DIV[3] 
 --- /BODY[1]/ASIDE[1]/DIV[2]/UL[1]/LI[2]/DIV[1] 
 --- /BODY[1]/ASIDE[1]/DIV[2]/UL[1]/LI[2]/DIV[2] 
 --- /BODY[1]/ASIDE[1]/DIV[2]/UL[1]/LI[2]/DIV[3] 
 --- /BODY[1]/ASIDE[1]/DIV[2]/UL[1]/LI[3]/DIV[1]/DIV[1] 
 --- /BODY[1]/ASIDE[1]/DIV[2]/UL[1]/LI[3]/DIV[2]/DIV[1] 
 --- /BODY[1]/ASIDE[1]/DIV[2]/UL[1]/LI[4]/DIV[1]/DIV[1] 
 --- /BODY[1]/ASIDE[1]/DIV[2]/UL[1]/LI[4]/DIV[2]/DIV[1] 
 --- /BODY[1]/ASIDE[1]/DIV[2]/UL[1]/LI[5]/DIV[1]/DIV[1] 
 --- /BODY[1]/ASIDE[1]/DIV[2]/UL[1]/LI[5]/DIV[2]/DIV[1] 
 --- /BODY[1]/ASIDE[1]/DIV[2]/UL[1]/LI[6]/DIV[1]/DIV[1] 
 --- /BODY[1]/ASIDE[1]/DIV[2]/UL[1]/LI[6]/DIV[2]/DIV[1] 
 --- /BODY[1]/ARTICLE[2] 
 --- /BODY[1]/DIV[4] 
 --- /BODY[1]/DIV[5] 

-- 3 x ARIA label or description
 --- /BODY[1]/ARTICLE[1]/HEADER[1]/DIV[1]/H1[1]/A[1] 
 --- /BODY[1]/FOOTER[1]/DIV[2]/A[1] 
 --- /BODY[1]/FOOTER[1]/DIV[2]/A[2] 

-- 15 x ARIA tabindex
 --- /BODY[1]/ASIDE[1]/DIV[2]/UL[1]/LI[1]/DIV[1] 
 --- /BODY[1]/ASIDE[1]/DIV[2]/UL[1]/LI[1]/DIV[2] 
 --- /BODY[1]/ASIDE[1]/DIV[2]/UL[1]/LI[1]/DIV[3] 
 --- /BODY[1]/ASIDE[1]/DIV[2]/UL[1]/LI[2]/DIV[1] 
 --- /BODY[1]/ASIDE[1]/DIV[2]/UL[1]/LI[2]/DIV[2] 
 --- /BODY[1]/ASIDE[1]/DIV[2]/UL[1]/LI[2]/DIV[3] 
 --- /BODY[1]/ASIDE[1]/DIV[2]/UL[1]/LI[3]/DIV[1]/DIV[1] 
 --- /BODY[1]/ASIDE[1]/DIV[2]/UL[1]/LI[3]/DIV[2]/DIV[1] 
 --- /BODY[1]/ASIDE[1]/DIV[2]/UL[1]/LI[4]/DIV[1]/DIV[1] 
 --- /BODY[1]/ASIDE[1]/DIV[2]/UL[1]/LI[4]/DIV[2]/DIV[1] 
 --- /BODY[1]/ASIDE[1]/DIV[2]/UL[1]/LI[5]/DIV[1]/DIV[1] 
 --- /BODY[1]/ASIDE[1]/DIV[2]/UL[1]/LI[5]/DIV[2]/DIV[1] 
 --- /BODY[1]/ASIDE[1]/DIV[2]/UL[1]/LI[6]/DIV[1]/DIV[1] 
 --- /BODY[1]/ASIDE[1]/DIV[2]/UL[1]/LI[6]/DIV[2]/DIV[1] 
 --- /BODY[1]/DIV[5] 

- contrast :</msg>
<status endtime="20171117 17:36:41.310" starttime="20171117 17:36:41.309" status="PASS"></status>
</kw>
<kw name="Generate Complete JSON Reporting">
<kw name="Get File" library="OperatingSystem">
<doc>Returns the contents of a specified file.</doc>
<arguments>
<arg>result.json</arg>
</arguments>
<assign>
<var>${content}</var>
</assign>
<msg timestamp="20171117 17:36:41.311" level="INFO" html="yes">Getting file '&lt;a href="file://C:\xampp\htdocs\accessibility_automation_with_robot_framework\result.json"&gt;C:\xampp\htdocs\accessibility_automation_with_robot_framework\result.json&lt;/a&gt;'.</msg>
<msg timestamp="20171117 17:36:41.311" level="INFO">${content} = ,{"title" : "AirAsia | Booking | Book low fares online - Select", "report" : {"error":{"description":"Errors","count":0,"items":{}},"alert":{"description":"Alerts","count":2,"items":{"title_redundant"...</msg>
<status endtime="20171117 17:36:41.311" starttime="20171117 17:36:41.310" status="PASS"></status>
</kw>
<kw name="Catenate" library="BuiltIn">
<doc>Catenates the given items together and returns the resulted string.</doc>
<arguments>
<arg>{"page" : [${content}]}</arg>
</arguments>
<assign>
<var>${report}</var>
</assign>
<msg timestamp="20171117 17:36:41.312" level="INFO">${report} = {"page" : [,{"title" : "AirAsia | Booking | Book low fares online - Select", "report" : {"error":{"description":"Errors","count":0,"items":{}},"alert":{"description":"Alerts","count":2,"items":{"title...</msg>
<status endtime="20171117 17:36:41.312" starttime="20171117 17:36:41.312" status="PASS"></status>
</kw>
<kw name="Replace String" library="String">
<doc>Replaces ``search_for`` in the given ``string`` with ``replace_with``.</doc>
<arguments>
<arg>${report}</arg>
<arg>{"page" : [,</arg>
<arg>{"page" : [</arg>
</arguments>
<assign>
<var>${report}</var>
</assign>
<msg timestamp="20171117 17:36:41.314" level="INFO">${report} = {"page" : [{"title" : "AirAsia | Booking | Book low fares online - Select", "report" : {"error":{"description":"Errors","count":0,"items":{}},"alert":{"description":"Alerts","count":2,"items":{"title_...</msg>
<status endtime="20171117 17:36:41.314" starttime="20171117 17:36:41.313" status="PASS"></status>
</kw>
<kw name="Remove File" library="OperatingSystem">
<doc>Removes a file with the given path.</doc>
<arguments>
<arg>result.json</arg>
</arguments>
<msg timestamp="20171117 17:36:41.315" level="INFO" html="yes">Removed file '&lt;a href="file://C:\xampp\htdocs\accessibility_automation_with_robot_framework\result.json"&gt;C:\xampp\htdocs\accessibility_automation_with_robot_framework\result.json&lt;/a&gt;'.</msg>
<status endtime="20171117 17:36:41.315" starttime="20171117 17:36:41.314" status="PASS"></status>
</kw>
<kw name="Create File" library="OperatingSystem">
<doc>Creates a file with the given content and encoding.</doc>
<arguments>
<arg>result.json</arg>
</arguments>
<msg timestamp="20171117 17:36:41.316" level="INFO" html="yes">Created file '&lt;a href="file://C:\xampp\htdocs\accessibility_automation_with_robot_framework\result.json"&gt;C:\xampp\htdocs\accessibility_automation_with_robot_framework\result.json&lt;/a&gt;'.</msg>
<status endtime="20171117 17:36:41.317" starttime="20171117 17:36:41.315" status="PASS"></status>
</kw>
<kw name="Append To File" library="OperatingSystem">
<doc>Appends the given content to the specified file.</doc>
<arguments>
<arg>result.json</arg>
<arg>${report}</arg>
</arguments>
<msg timestamp="20171117 17:36:41.346" level="INFO" html="yes">Appended to file '&lt;a href="file://C:\xampp\htdocs\accessibility_automation_with_robot_framework\result.json"&gt;C:\xampp\htdocs\accessibility_automation_with_robot_framework\result.json&lt;/a&gt;'.</msg>
<status endtime="20171117 17:36:41.346" starttime="20171117 17:36:41.317" status="PASS"></status>
</kw>
<status endtime="20171117 17:36:41.346" starttime="20171117 17:36:41.310" status="PASS"></status>
</kw>
<status endtime="20171117 17:36:41.347" starttime="20171117 17:36:41.295" status="PASS"></status>
</kw>
<kw name="Failed If Found Error Or Alert">
<kw name="Get Length" library="BuiltIn">
<doc>Returns and logs the length of the given item as an integer.</doc>
<arguments>
<arg>${ERROR_ALERT_MESSAGE}</arg>
</arguments>
<assign>
<var>${number_of_message}</var>
</assign>
<msg timestamp="20171117 17:36:41.348" level="INFO">Length is 258</msg>
<msg timestamp="20171117 17:36:41.348" level="INFO">${number_of_message} = 258</msg>
<status endtime="20171117 17:36:41.348" starttime="20171117 17:36:41.347" status="PASS"></status>
</kw>
<kw name="Run Keyword If" library="BuiltIn">
<doc>Runs the given keyword with the given arguments, if ``condition`` is true.</doc>
<arguments>
<arg>'${number_of_message}'!='0'</arg>
<arg>Fail</arg>
<arg>${ERROR_ALERT_MESSAGE}</arg>
</arguments>
<kw name="Fail" library="BuiltIn">
<doc>Fails the test with the given message and optionally alters its tags.</doc>
<arguments>
<arg>${ERROR_ALERT_MESSAGE}</arg>
</arguments>
<msg timestamp="20171117 17:36:41.349" level="FAIL">
There is 4 alert found at page ['AirAsia | Booking | Book low fares online - Search']
There is 3 alert found at page ['AirAsia | Booking | Book low fares online - Select']
There is 2 alert found at page ['AirAsia | Booking | Book low fares online - Select']</msg>
<status endtime="20171117 17:36:41.350" starttime="20171117 17:36:41.349" status="FAIL"></status>
</kw>
<status endtime="20171117 17:36:41.350" starttime="20171117 17:36:41.348" status="FAIL"></status>
</kw>
<status endtime="20171117 17:36:41.350" starttime="20171117 17:36:41.347" status="FAIL"></status>
</kw>
<status endtime="20171117 17:36:41.350" starttime="20171117 17:36:41.295" status="FAIL"></status>
</kw>
<kw name="Suite Teardown" type="teardown">
<kw name="Close All Browsers" library="Selenium2Library">
<doc>Closes all open browsers and resets the browser cache.</doc>
<status endtime="20171117 17:36:44.798" starttime="20171117 17:36:41.352" status="PASS"></status>
</kw>
<status endtime="20171117 17:36:44.798" starttime="20171117 17:36:41.351" status="PASS"></status>
</kw>
<status endtime="20171117 17:36:44.799" starttime="20171117 17:35:46.437" status="FAIL" critical="yes">
There is 4 alert found at page ['AirAsia | Booking | Book low fares online - Search']
There is 3 alert found at page ['AirAsia | Booking | Book low fares online - Select']
There is 2 alert found at page ['AirAsia | Booking | Book low fares online - Select']</status>
</test>
<doc>This is a simple accessibility test with Robot Framework</doc>
<status endtime="20171117 17:36:44.801" starttime="20171117 17:35:28.701" status="FAIL"></status>
</suite>
<statistics>
<total>
<stat fail="1" pass="1">Critical Tests</stat>
<stat fail="1" pass="1">All Tests</stat>
</total>
<tag>
</tag>
<suite>
<stat name="TestAccessibility" fail="1" pass="1" id="s1">TestAccessibility</stat>
</suite>
</statistics>
<errors>
</errors>
</robot>
